<?xml version="1.0" encoding="UTF-8"?>
<coverage generated="1683785176500" clover="3.2.0">
  <project timestamp="1683785176500" name="All files">
    <metrics statements="217" coveredstatements="141" conditionals="36" coveredconditionals="10" methods="98" coveredmethods="48" elements="351" coveredelements="199" complexity="0" loc="217" ncloc="217" packages="18" files="35" classes="35"/>
    <package name="api">
      <metrics statements="0" coveredstatements="0" conditionals="0" coveredconditionals="0" methods="0" coveredmethods="0"/>
      <file name="pokeapi.js" path="/Users/srep2/Desktop/workspace/react-native/PokemonRN/src/api/pokeapi.js">
        <metrics statements="0" coveredstatements="0" conditionals="0" coveredconditionals="0" methods="0" coveredmethods="0"/>
      </file>
    </package>
    <package name="components.AccordionItem">
      <metrics statements="4" coveredstatements="3" conditionals="2" coveredconditionals="1" methods="2" coveredmethods="1"/>
      <file name="AccordionItem.jsx" path="/Users/srep2/Desktop/workspace/react-native/PokemonRN/src/components/AccordionItem/AccordionItem.jsx">
        <metrics statements="4" coveredstatements="3" conditionals="2" coveredconditionals="1" methods="2" coveredmethods="1"/>
        <line num="6" count="2" type="stmt"/>
        <line num="7" count="1" type="stmt"/>
        <line num="9" count="1" type="stmt"/>
        <line num="16" count="0" type="stmt"/>
      </file>
      <file name="AccordionItem.style.jsx" path="/Users/srep2/Desktop/workspace/react-native/PokemonRN/src/components/AccordionItem/AccordionItem.style.jsx">
        <metrics statements="0" coveredstatements="0" conditionals="0" coveredconditionals="0" methods="0" coveredmethods="0"/>
      </file>
    </package>
    <package name="components.CheckBoxContainer">
      <metrics statements="16" coveredstatements="1" conditionals="6" coveredconditionals="0" methods="6" coveredmethods="0"/>
      <file name="CheckBoxContainer.jsx" path="/Users/srep2/Desktop/workspace/react-native/PokemonRN/src/components/CheckBoxContainer/CheckBoxContainer.jsx">
        <metrics statements="16" coveredstatements="1" conditionals="6" coveredconditionals="0" methods="6" coveredmethods="0"/>
        <line num="8" count="1" type="stmt"/>
        <line num="9" count="0" type="stmt"/>
        <line num="11" count="0" type="stmt"/>
        <line num="12" count="0" type="stmt"/>
        <line num="14" count="0" type="cond" truecount="0" falsecount="2"/>
        <line num="15" count="0" type="stmt"/>
        <line num="16" count="0" type="stmt"/>
        <line num="18" count="0" type="cond" truecount="0" falsecount="2"/>
        <line num="19" count="0" type="stmt"/>
        <line num="20" count="0" type="stmt"/>
        <line num="22" count="0" type="stmt"/>
        <line num="24" count="0" type="stmt"/>
        <line num="27" count="0" type="cond" truecount="0" falsecount="2"/>
        <line num="28" count="0" type="stmt"/>
        <line num="31" count="0" type="stmt"/>
        <line num="34" count="0" type="stmt"/>
      </file>
      <file name="CheckBoxContainer.style.jsx" path="/Users/srep2/Desktop/workspace/react-native/PokemonRN/src/components/CheckBoxContainer/CheckBoxContainer.style.jsx">
        <metrics statements="0" coveredstatements="0" conditionals="0" coveredconditionals="0" methods="0" coveredmethods="0"/>
      </file>
    </package>
    <package name="components.CheckBoxWrapper">
      <metrics statements="14" coveredstatements="8" conditionals="10" coveredconditionals="2" methods="6" coveredmethods="2"/>
      <file name="CheckBoxWrapper.jsx" path="/Users/srep2/Desktop/workspace/react-native/PokemonRN/src/components/CheckBoxWrapper/CheckBoxWrapper.jsx">
        <metrics statements="14" coveredstatements="8" conditionals="10" coveredconditionals="2" methods="6" coveredmethods="2"/>
        <line num="9" count="2" type="stmt"/>
        <line num="10" count="1" type="stmt"/>
        <line num="12" count="1" type="stmt"/>
        <line num="14" count="1" type="stmt"/>
        <line num="15" count="1" type="cond" truecount="1" falsecount="1"/>
        <line num="16" count="0" type="cond" truecount="0" falsecount="2"/>
        <line num="18" count="1" type="cond" truecount="1" falsecount="1"/>
        <line num="19" count="0" type="cond" truecount="0" falsecount="2"/>
        <line num="23" count="1" type="stmt"/>
        <line num="24" count="0" type="stmt"/>
        <line num="25" count="0" type="cond" truecount="0" falsecount="2"/>
        <line num="26" count="0" type="stmt"/>
        <line num="28" count="0" type="stmt"/>
        <line num="32" count="1" type="stmt"/>
      </file>
      <file name="CheckBoxWrapper.style.jsx" path="/Users/srep2/Desktop/workspace/react-native/PokemonRN/src/components/CheckBoxWrapper/CheckBoxWrapper.style.jsx">
        <metrics statements="0" coveredstatements="0" conditionals="0" coveredconditionals="0" methods="0" coveredmethods="0"/>
      </file>
    </package>
    <package name="components.DexAttributes">
      <metrics statements="4" coveredstatements="3" conditionals="0" coveredconditionals="0" methods="2" coveredmethods="1"/>
      <file name="DexAttributes.jsx" path="/Users/srep2/Desktop/workspace/react-native/PokemonRN/src/components/DexAttributes/DexAttributes.jsx">
        <metrics statements="4" coveredstatements="3" conditionals="0" coveredconditionals="0" methods="2" coveredmethods="1"/>
        <line num="13" count="2" type="stmt"/>
        <line num="16" count="2" type="stmt"/>
        <line num="18" count="2" type="stmt"/>
        <line num="32" count="0" type="stmt"/>
      </file>
      <file name="DexAttributes.style.jsx" path="/Users/srep2/Desktop/workspace/react-native/PokemonRN/src/components/DexAttributes/DexAttributes.style.jsx">
        <metrics statements="0" coveredstatements="0" conditionals="0" coveredconditionals="0" methods="0" coveredmethods="0"/>
      </file>
    </package>
    <package name="components.DexBody">
      <metrics statements="3" coveredstatements="2" conditionals="0" coveredconditionals="0" methods="2" coveredmethods="1"/>
      <file name="DexBody.jsx" path="/Users/srep2/Desktop/workspace/react-native/PokemonRN/src/components/DexBody/DexBody.jsx">
        <metrics statements="3" coveredstatements="2" conditionals="0" coveredconditionals="0" methods="2" coveredmethods="1"/>
        <line num="8" count="1" type="stmt"/>
        <line num="9" count="1" type="stmt"/>
        <line num="25" count="0" type="stmt"/>
      </file>
      <file name="DexBody.style.jsx" path="/Users/srep2/Desktop/workspace/react-native/PokemonRN/src/components/DexBody/DexBody.style.jsx">
        <metrics statements="0" coveredstatements="0" conditionals="0" coveredconditionals="0" methods="0" coveredmethods="0"/>
      </file>
    </package>
    <package name="components.DexTile">
      <metrics statements="2" coveredstatements="2" conditionals="2" coveredconditionals="2" methods="1" coveredmethods="1"/>
      <file name="DexTile.jsx" path="/Users/srep2/Desktop/workspace/react-native/PokemonRN/src/components/DexTile/DexTile.jsx">
        <metrics statements="2" coveredstatements="2" conditionals="2" coveredconditionals="2" methods="1" coveredmethods="1"/>
        <line num="7" count="3" type="stmt"/>
        <line num="8" count="15" type="stmt"/>
      </file>
      <file name="DexTile.style.jsx" path="/Users/srep2/Desktop/workspace/react-native/PokemonRN/src/components/DexTile/DexTile.style.jsx">
        <metrics statements="0" coveredstatements="0" conditionals="0" coveredconditionals="0" methods="0" coveredmethods="0"/>
      </file>
    </package>
    <package name="components.DexTitle">
      <metrics statements="3" coveredstatements="2" conditionals="0" coveredconditionals="0" methods="2" coveredmethods="1"/>
      <file name="DexTitle.jsx" path="/Users/srep2/Desktop/workspace/react-native/PokemonRN/src/components/DexTitle/DexTitle.jsx">
        <metrics statements="3" coveredstatements="2" conditionals="0" coveredconditionals="0" methods="2" coveredmethods="1"/>
        <line num="8" count="1" type="stmt"/>
        <line num="9" count="1" type="stmt"/>
        <line num="19" count="0" type="stmt"/>
      </file>
      <file name="DexTitle.style.jsx" path="/Users/srep2/Desktop/workspace/react-native/PokemonRN/src/components/DexTitle/DexTitle.style.jsx">
        <metrics statements="0" coveredstatements="0" conditionals="0" coveredconditionals="0" methods="0" coveredmethods="0"/>
      </file>
    </package>
    <package name="components.FilterModal">
      <metrics statements="17" coveredstatements="6" conditionals="0" coveredconditionals="0" methods="4" coveredmethods="1"/>
      <file name="FilterModal.jsx" path="/Users/srep2/Desktop/workspace/react-native/PokemonRN/src/components/FilterModal/FilterModal.jsx">
        <metrics statements="17" coveredstatements="6" conditionals="0" coveredconditionals="0" methods="4" coveredmethods="1"/>
        <line num="13" count="1" type="stmt"/>
        <line num="21" count="1" type="stmt"/>
        <line num="27" count="1" type="stmt"/>
        <line num="28" count="0" type="stmt"/>
        <line num="29" count="0" type="stmt"/>
        <line num="30" count="0" type="stmt"/>
        <line num="31" count="0" type="stmt"/>
        <line num="34" count="1" type="stmt"/>
        <line num="36" count="0" type="stmt"/>
        <line num="41" count="0" type="stmt"/>
        <line num="43" count="0" type="stmt"/>
        <line num="44" count="0" type="stmt"/>
        <line num="45" count="0" type="stmt"/>
        <line num="48" count="1" type="stmt"/>
        <line num="49" count="0" type="stmt"/>
        <line num="50" count="0" type="stmt"/>
        <line num="53" count="1" type="stmt"/>
      </file>
      <file name="FilterModal.style.jsx" path="/Users/srep2/Desktop/workspace/react-native/PokemonRN/src/components/FilterModal/FilterModal.style.jsx">
        <metrics statements="0" coveredstatements="0" conditionals="0" coveredconditionals="0" methods="0" coveredmethods="0"/>
      </file>
    </package>
    <package name="components.Highlighter">
      <metrics statements="3" coveredstatements="3" conditionals="0" coveredconditionals="0" methods="2" coveredmethods="2"/>
      <file name="HighLighter.jsx" path="/Users/srep2/Desktop/workspace/react-native/PokemonRN/src/components/Highlighter/HighLighter.jsx">
        <metrics statements="3" coveredstatements="3" conditionals="0" coveredconditionals="0" methods="2" coveredmethods="2"/>
        <line num="8" count="4" type="stmt"/>
        <line num="9" count="5" type="stmt"/>
        <line num="12" count="2" type="stmt"/>
      </file>
      <file name="Highlighter.style.jsx" path="/Users/srep2/Desktop/workspace/react-native/PokemonRN/src/components/Highlighter/Highlighter.style.jsx">
        <metrics statements="0" coveredstatements="0" conditionals="0" coveredconditionals="0" methods="0" coveredmethods="0"/>
      </file>
    </package>
    <package name="components.ImgPreview">
      <metrics statements="3" coveredstatements="3" conditionals="0" coveredconditionals="0" methods="1" coveredmethods="1"/>
      <file name="ImgPreivew.style.jsx" path="/Users/srep2/Desktop/workspace/react-native/PokemonRN/src/components/ImgPreview/ImgPreivew.style.jsx">
        <metrics statements="0" coveredstatements="0" conditionals="0" coveredconditionals="0" methods="0" coveredmethods="0"/>
      </file>
      <file name="ImgPreview.jsx" path="/Users/srep2/Desktop/workspace/react-native/PokemonRN/src/components/ImgPreview/ImgPreview.jsx">
        <metrics statements="3" coveredstatements="3" conditionals="0" coveredconditionals="0" methods="1" coveredmethods="1"/>
        <line num="9" count="2" type="stmt"/>
        <line num="10" count="2" type="stmt"/>
        <line num="12" count="2" type="stmt"/>
      </file>
    </package>
    <package name="components.InputField">
      <metrics statements="9" coveredstatements="8" conditionals="0" coveredconditionals="0" methods="4" coveredmethods="3"/>
      <file name="InputField.jsx" path="/Users/srep2/Desktop/workspace/react-native/PokemonRN/src/components/InputField/InputField.jsx">
        <metrics statements="8" coveredstatements="7" conditionals="0" coveredconditionals="0" methods="4" coveredmethods="3"/>
        <line num="6" count="1" type="stmt"/>
        <line num="7" count="3" type="stmt"/>
        <line num="9" count="3" type="stmt"/>
        <line num="10" count="3" type="stmt"/>
        <line num="13" count="3" type="stmt"/>
        <line num="14" count="1" type="stmt"/>
        <line num="17" count="3" type="stmt"/>
        <line num="28" count="0" type="stmt"/>
      </file>
      <file name="InputField.style.jsx" path="/Users/srep2/Desktop/workspace/react-native/PokemonRN/src/components/InputField/InputField.style.jsx">
        <metrics statements="1" coveredstatements="1" conditionals="0" coveredconditionals="0" methods="0" coveredmethods="0"/>
        <line num="4" count="1" type="stmt"/>
      </file>
    </package>
    <package name="components.PokeThumbnail">
      <metrics statements="6" coveredstatements="4" conditionals="0" coveredconditionals="0" methods="2" coveredmethods="1"/>
      <file name="PokeThumbnail.jsx" path="/Users/srep2/Desktop/workspace/react-native/PokemonRN/src/components/PokeThumbnail/PokeThumbnail.jsx">
        <metrics statements="6" coveredstatements="4" conditionals="0" coveredconditionals="0" methods="2" coveredmethods="1"/>
        <line num="13" count="1" type="stmt"/>
        <line num="14" count="1" type="stmt"/>
        <line num="16" count="1" type="stmt"/>
        <line num="17" count="0" type="stmt"/>
        <line num="18" count="0" type="stmt"/>
        <line num="21" count="1" type="stmt"/>
      </file>
      <file name="PokeThumbnail.style.js" path="/Users/srep2/Desktop/workspace/react-native/PokemonRN/src/components/PokeThumbnail/PokeThumbnail.style.js">
        <metrics statements="0" coveredstatements="0" conditionals="0" coveredconditionals="0" methods="0" coveredmethods="0"/>
      </file>
    </package>
    <package name="components.Progress">
      <metrics statements="2" coveredstatements="2" conditionals="0" coveredconditionals="0" methods="1" coveredmethods="1"/>
      <file name="Progress.jsx" path="/Users/srep2/Desktop/workspace/react-native/PokemonRN/src/components/Progress/Progress.jsx">
        <metrics statements="2" coveredstatements="2" conditionals="0" coveredconditionals="0" methods="1" coveredmethods="1"/>
        <line num="6" count="2" type="stmt"/>
        <line num="7" count="2" type="stmt"/>
      </file>
      <file name="Progress.style.jsx" path="/Users/srep2/Desktop/workspace/react-native/PokemonRN/src/components/Progress/Progress.style.jsx">
        <metrics statements="0" coveredstatements="0" conditionals="0" coveredconditionals="0" methods="0" coveredmethods="0"/>
      </file>
    </package>
    <package name="components.StatsBar">
      <metrics statements="2" coveredstatements="2" conditionals="0" coveredconditionals="0" methods="1" coveredmethods="1"/>
      <file name="StatsBar.jsx" path="/Users/srep2/Desktop/workspace/react-native/PokemonRN/src/components/StatsBar/StatsBar.jsx">
        <metrics statements="2" coveredstatements="2" conditionals="0" coveredconditionals="0" methods="1" coveredmethods="1"/>
        <line num="7" count="1" type="stmt"/>
        <line num="8" count="1" type="stmt"/>
      </file>
      <file name="StatsBar.style.jsx" path="/Users/srep2/Desktop/workspace/react-native/PokemonRN/src/components/StatsBar/StatsBar.style.jsx">
        <metrics statements="0" coveredstatements="0" conditionals="0" coveredconditionals="0" methods="0" coveredmethods="0"/>
      </file>
    </package>
    <package name="context">
      <metrics statements="10" coveredstatements="10" conditionals="0" coveredconditionals="0" methods="6" coveredmethods="2"/>
      <file name="PokemonContext.jsx" path="/Users/srep2/Desktop/workspace/react-native/PokemonRN/src/context/PokemonContext.jsx">
        <metrics statements="4" coveredstatements="4" conditionals="0" coveredconditionals="0" methods="2" coveredmethods="1"/>
        <line num="3" count="4" type="stmt"/>
        <line num="16" count="4" type="stmt"/>
        <line num="17" count="3" type="stmt"/>
        <line num="28" count="3" type="stmt"/>
      </file>
      <file name="TypesContext.jsx" path="/Users/srep2/Desktop/workspace/react-native/PokemonRN/src/context/TypesContext.jsx">
        <metrics statements="6" coveredstatements="6" conditionals="0" coveredconditionals="0" methods="4" coveredmethods="1"/>
        <line num="3" count="2" type="stmt"/>
        <line num="12" count="2" type="stmt"/>
        <line num="13" count="2" type="stmt"/>
        <line num="14" count="2" type="stmt"/>
        <line num="15" count="2" type="stmt"/>
        <line num="17" count="2" type="stmt"/>
      </file>
    </package>
    <package name="redux.features">
      <metrics statements="52" coveredstatements="52" conditionals="4" coveredconditionals="2" methods="18" coveredmethods="18"/>
      <file name="pokeDetailsSlice.js" path="/Users/srep2/Desktop/workspace/react-native/PokemonRN/src/redux/features/pokeDetailsSlice.js">
        <metrics statements="35" coveredstatements="35" conditionals="2" coveredconditionals="1" methods="12" coveredmethods="12"/>
        <line num="6" count="2" type="stmt"/>
        <line num="13" count="2" type="stmt"/>
        <line num="14" count="1" type="stmt"/>
        <line num="16" count="2" type="stmt"/>
        <line num="17" count="2" type="stmt"/>
        <line num="20" count="1" type="cond" truecount="1" falsecount="1"/>
        <line num="22" count="1" type="stmt"/>
        <line num="25" count="2" type="stmt"/>
        <line num="30" count="2" type="stmt"/>
        <line num="31" count="1" type="stmt"/>
        <line num="32" count="1" type="stmt"/>
        <line num="34" count="3" type="stmt"/>
        <line num="35" count="3" type="stmt"/>
        <line num="37" count="1813" type="stmt"/>
        <line num="43" count="1" type="stmt"/>
        <line num="46" count="2" type="stmt"/>
        <line num="51" count="2" type="stmt"/>
        <line num="56" count="1" type="stmt"/>
        <line num="57" count="1" type="stmt"/>
        <line num="59" count="1" type="stmt"/>
        <line num="60" count="1" type="stmt"/>
        <line num="61" count="1" type="stmt"/>
        <line num="62" count="1" type="stmt"/>
        <line num="64" count="1" type="stmt"/>
        <line num="65" count="1" type="stmt"/>
        <line num="66" count="1" type="stmt"/>
        <line num="70" count="1" type="stmt"/>
        <line num="71" count="1" type="stmt"/>
        <line num="73" count="1" type="stmt"/>
        <line num="74" count="1" type="stmt"/>
        <line num="75" count="1" type="stmt"/>
        <line num="76" count="1" type="stmt"/>
        <line num="78" count="1" type="stmt"/>
        <line num="79" count="1" type="stmt"/>
        <line num="80" count="1" type="stmt"/>
      </file>
      <file name="pokeIdsSlice.js" path="/Users/srep2/Desktop/workspace/react-native/PokemonRN/src/redux/features/pokeIdsSlice.js">
        <metrics statements="17" coveredstatements="17" conditionals="2" coveredconditionals="1" methods="6" coveredmethods="6"/>
        <line num="6" count="1" type="stmt"/>
        <line num="12" count="1" type="stmt"/>
        <line num="13" count="1" type="stmt"/>
        <line num="14" count="15" type="stmt"/>
        <line num="15" count="1" type="cond" truecount="1" falsecount="1"/>
        <line num="16" count="1" type="stmt"/>
        <line num="19" count="1" type="stmt"/>
        <line num="21" count="1" type="stmt"/>
        <line num="25" count="1" type="stmt"/>
        <line num="26" count="1" type="stmt"/>
        <line num="28" count="1" type="stmt"/>
        <line num="29" count="1" type="stmt"/>
        <line num="30" count="1" type="stmt"/>
        <line num="31" count="1" type="stmt"/>
        <line num="33" count="1" type="stmt"/>
        <line num="34" count="1" type="stmt"/>
        <line num="35" count="1" type="stmt"/>
      </file>
    </package>
    <package name="utils">
      <metrics statements="67" coveredstatements="30" conditionals="12" coveredconditionals="3" methods="38" coveredmethods="11"/>
      <file name="colors.js" path="/Users/srep2/Desktop/workspace/react-native/PokemonRN/src/utils/colors.js">
        <metrics statements="0" coveredstatements="0" conditionals="0" coveredconditionals="0" methods="0" coveredmethods="0"/>
      </file>
      <file name="helplerFunctions.js" path="/Users/srep2/Desktop/workspace/react-native/PokemonRN/src/utils/helplerFunctions.js">
        <metrics statements="67" coveredstatements="30" conditionals="12" coveredconditionals="3" methods="38" coveredmethods="11"/>
        <line num="3" count="10" type="stmt"/>
        <line num="4" count="3" type="cond" truecount="1" falsecount="1"/>
        <line num="5" count="0" type="stmt"/>
        <line num="7" count="3" type="stmt"/>
        <line num="10" count="10" type="stmt"/>
        <line num="11" count="4" type="stmt"/>
        <line num="14" count="10" type="stmt"/>
        <line num="15" count="0" type="stmt"/>
        <line num="18" count="10" type="stmt"/>
        <line num="21" count="4" type="cond" truecount="2" falsecount="0"/>
        <line num="22" count="3" type="stmt"/>
        <line num="23" count="3" type="stmt"/>
        <line num="25" count="2" type="stmt"/>
        <line num="28" count="4" type="stmt"/>
        <line num="33" count="10" type="stmt"/>
        <line num="34" count="0" type="stmt"/>
        <line num="38" count="10" type="stmt"/>
        <line num="39" count="0" type="stmt"/>
        <line num="50" count="0" type="stmt"/>
        <line num="54" count="0" type="stmt"/>
        <line num="56" count="0" type="cond" truecount="0" falsecount="2"/>
        <line num="60" count="0" type="stmt"/>
        <line num="61" count="0" type="stmt"/>
        <line num="63" count="0" type="stmt"/>
        <line num="65" count="0" type="stmt"/>
        <line num="70" count="10" type="stmt"/>
        <line num="71" count="0" type="stmt"/>
        <line num="72" count="0" type="stmt"/>
        <line num="75" count="0" type="stmt"/>
        <line num="82" count="10" type="stmt"/>
        <line num="83" count="0" type="stmt"/>
        <line num="85" count="0" type="stmt"/>
        <line num="89" count="0" type="stmt"/>
        <line num="91" count="0" type="stmt"/>
        <line num="95" count="0" type="stmt"/>
        <line num="102" count="10" type="stmt"/>
        <line num="105" count="10" type="stmt"/>
        <line num="106" count="2" type="stmt"/>
        <line num="110" count="10" type="stmt"/>
        <line num="111" count="2" type="stmt"/>
        <line num="112" count="0" type="cond" truecount="0" falsecount="2"/>
        <line num="113" count="0" type="stmt"/>
        <line num="118" count="10" type="stmt"/>
        <line num="119" count="2" type="stmt"/>
        <line num="123" count="10" type="stmt"/>
        <line num="124" count="0" type="stmt"/>
        <line num="129" count="10" type="stmt"/>
        <line num="130" count="0" type="stmt"/>
        <line num="131" count="0" type="stmt"/>
        <line num="132" count="0" type="stmt"/>
        <line num="135" count="0" type="stmt"/>
        <line num="136" count="0" type="stmt"/>
        <line num="137" count="0" type="cond" truecount="0" falsecount="2"/>
        <line num="138" count="0" type="stmt"/>
        <line num="143" count="0" type="stmt"/>
        <line num="146" count="10" type="stmt"/>
        <line num="147" count="0" type="stmt"/>
        <line num="148" count="0" type="stmt"/>
        <line num="151" count="0" type="cond" truecount="0" falsecount="2"/>
        <line num="152" count="0" type="stmt"/>
        <line num="157" count="0" type="stmt"/>
        <line num="160" count="10" type="stmt"/>
        <line num="161" count="1" type="stmt"/>
        <line num="162" count="5" type="stmt"/>
        <line num="166" count="10" type="stmt"/>
        <line num="167" count="0" type="stmt"/>
        <line num="168" count="0" type="stmt"/>
      </file>
    </package>
  </project>
</coverage>
