{"/Users/srep2/Desktop/workspace/react-native/PokemonRN/src/api/pokeapi.js": {"path":"/Users/srep2/Desktop/workspace/react-native/PokemonRN/src/api/pokeapi.js","statementMap":{},"fnMap":{},"branchMap":{},"s":{},"f":{},"b":{},"_coverageSchema":"1a1c01bbd47fc00a2c39e90264f33305004495a9","hash":"2c398776ce3a6f96f73243270d500df3dc34cb9a"}
,"/Users/srep2/Desktop/workspace/react-native/PokemonRN/src/components/AccordionItem/AccordionItem.jsx": {"path":"/Users/srep2/Desktop/workspace/react-native/PokemonRN/src/components/AccordionItem/AccordionItem.jsx","statementMap":{"0":{"start":{"line":6,"column":22},"end":{"line":23,"column":1}},"1":{"start":{"line":7,"column":34},"end":{"line":7,"column":49}},"2":{"start":{"line":9,"column":2},"end":{"line":22,"column":4}},"3":{"start":{"line":16,"column":25},"end":{"line":16,"column":47}}},"fnMap":{"0":{"name":"(anonymous_0)","decl":{"start":{"line":6,"column":22},"end":{"line":6,"column":23}},"loc":{"start":{"line":6,"column":45},"end":{"line":23,"column":1}},"line":6},"1":{"name":"(anonymous_1)","decl":{"start":{"line":16,"column":19},"end":{"line":16,"column":20}},"loc":{"start":{"line":16,"column":25},"end":{"line":16,"column":47}},"line":16}},"branchMap":{"0":{"loc":{"start":{"line":20,"column":7},"end":{"line":20,"column":62}},"type":"binary-expr","locations":[{"start":{"line":20,"column":7},"end":{"line":20,"column":15}},{"start":{"line":20,"column":19},"end":{"line":20,"column":62}}],"line":20}},"s":{"0":2,"1":1,"2":1,"3":0},"f":{"0":1,"1":0},"b":{"0":[1,0]},"_coverageSchema":"1a1c01bbd47fc00a2c39e90264f33305004495a9","hash":"fef4fceb8bb139bb714eb2679ea34373874666cd"}
,"/Users/srep2/Desktop/workspace/react-native/PokemonRN/src/components/AccordionItem/AccordionItem.style.jsx": {"path":"/Users/srep2/Desktop/workspace/react-native/PokemonRN/src/components/AccordionItem/AccordionItem.style.jsx","statementMap":{},"fnMap":{},"branchMap":{},"s":{},"f":{},"b":{},"_coverageSchema":"1a1c01bbd47fc00a2c39e90264f33305004495a9","hash":"5bee70d34dd3bcd0f88ea927f856665f2d24ef85"}
,"/Users/srep2/Desktop/workspace/react-native/PokemonRN/src/components/CheckBoxContainer/CheckBoxContainer.jsx": {"path":"/Users/srep2/Desktop/workspace/react-native/PokemonRN/src/components/CheckBoxContainer/CheckBoxContainer.jsx","statementMap":{"0":{"start":{"line":8,"column":26},"end":{"line":38,"column":1}},"1":{"start":{"line":9,"column":28},"end":{"line":9,"column":40}},"2":{"start":{"line":11,"column":2},"end":{"line":25,"column":9}},"3":{"start":{"line":12,"column":22},"end":{"line":23,"column":5}},"4":{"start":{"line":14,"column":6},"end":{"line":17,"column":7}},"5":{"start":{"line":15,"column":23},"end":{"line":15,"column":50}},"6":{"start":{"line":16,"column":8},"end":{"line":16,"column":51}},"7":{"start":{"line":16,"column":40},"end":{"line":16,"column":49}},"8":{"start":{"line":18,"column":6},"end":{"line":21,"column":7}},"9":{"start":{"line":19,"column":23},"end":{"line":19,"column":52}},"10":{"start":{"line":20,"column":8},"end":{"line":20,"column":55}},"11":{"start":{"line":20,"column":42},"end":{"line":20,"column":53}},"12":{"start":{"line":22,"column":6},"end":{"line":22,"column":21}},"13":{"start":{"line":24,"column":4},"end":{"line":24,"column":16}},"14":{"start":{"line":27,"column":2},"end":{"line":29,"column":3}},"15":{"start":{"line":28,"column":4},"end":{"line":28,"column":33}},"16":{"start":{"line":31,"column":2},"end":{"line":37,"column":4}},"17":{"start":{"line":34,"column":8},"end":{"line":34,"column":64}}},"fnMap":{"0":{"name":"(anonymous_0)","decl":{"start":{"line":8,"column":26},"end":{"line":8,"column":27}},"loc":{"start":{"line":8,"column":39},"end":{"line":38,"column":1}},"line":8},"1":{"name":"(anonymous_1)","decl":{"start":{"line":11,"column":12},"end":{"line":11,"column":13}},"loc":{"start":{"line":11,"column":18},"end":{"line":25,"column":3}},"line":11},"2":{"name":"(anonymous_2)","decl":{"start":{"line":12,"column":22},"end":{"line":12,"column":23}},"loc":{"start":{"line":12,"column":34},"end":{"line":23,"column":5}},"line":12},"3":{"name":"(anonymous_3)","decl":{"start":{"line":16,"column":32},"end":{"line":16,"column":33}},"loc":{"start":{"line":16,"column":40},"end":{"line":16,"column":49}},"line":16},"4":{"name":"(anonymous_4)","decl":{"start":{"line":20,"column":32},"end":{"line":20,"column":33}},"loc":{"start":{"line":20,"column":42},"end":{"line":20,"column":53}},"line":20},"5":{"name":"(anonymous_5)","decl":{"start":{"line":33,"column":17},"end":{"line":33,"column":18}},"loc":{"start":{"line":34,"column":8},"end":{"line":34,"column":64}},"line":34}},"branchMap":{"0":{"loc":{"start":{"line":14,"column":6},"end":{"line":17,"column":7}},"type":"if","locations":[{"start":{"line":14,"column":6},"end":{"line":17,"column":7}},{"start":{},"end":{}}],"line":14},"1":{"loc":{"start":{"line":18,"column":6},"end":{"line":21,"column":7}},"type":"if","locations":[{"start":{"line":18,"column":6},"end":{"line":21,"column":7}},{"start":{},"end":{}}],"line":18},"2":{"loc":{"start":{"line":27,"column":2},"end":{"line":29,"column":3}},"type":"if","locations":[{"start":{"line":27,"column":2},"end":{"line":29,"column":3}},{"start":{},"end":{}}],"line":27}},"s":{"0":1,"1":0,"2":0,"3":0,"4":0,"5":0,"6":0,"7":0,"8":0,"9":0,"10":0,"11":0,"12":0,"13":0,"14":0,"15":0,"16":0,"17":0},"f":{"0":0,"1":0,"2":0,"3":0,"4":0,"5":0},"b":{"0":[0,0],"1":[0,0],"2":[0,0]},"_coverageSchema":"1a1c01bbd47fc00a2c39e90264f33305004495a9","hash":"f1cb4f3f0fc1e7f5b0601e52e94dffcf6091c9ab"}
,"/Users/srep2/Desktop/workspace/react-native/PokemonRN/src/components/CheckBoxContainer/CheckBoxContainer.style.jsx": {"path":"/Users/srep2/Desktop/workspace/react-native/PokemonRN/src/components/CheckBoxContainer/CheckBoxContainer.style.jsx","statementMap":{},"fnMap":{},"branchMap":{},"s":{},"f":{},"b":{},"_coverageSchema":"1a1c01bbd47fc00a2c39e90264f33305004495a9","hash":"609f08458d89027885712a460184496c48e8afe8"}
,"/Users/srep2/Desktop/workspace/react-native/PokemonRN/src/components/CheckBoxWrapper/CheckBoxWrapper.jsx": {"path":"/Users/srep2/Desktop/workspace/react-native/PokemonRN/src/components/CheckBoxWrapper/CheckBoxWrapper.jsx","statementMap":{"0":{"start":{"line":9,"column":24},"end":{"line":45,"column":1}},"1":{"start":{"line":10,"column":40},"end":{"line":10,"column":55}},"2":{"start":{"line":12,"column":4},"end":{"line":12,"column":28}},"3":{"start":{"line":14,"column":2},"end":{"line":21,"column":9}},"4":{"start":{"line":15,"column":4},"end":{"line":17,"column":5}},"5":{"start":{"line":16,"column":6},"end":{"line":16,"column":72}},"6":{"start":{"line":16,"column":33},"end":{"line":16,"column":46}},"7":{"start":{"line":18,"column":4},"end":{"line":20,"column":5}},"8":{"start":{"line":19,"column":6},"end":{"line":19,"column":64}},"9":{"start":{"line":19,"column":26},"end":{"line":19,"column":38}},"10":{"start":{"line":23,"column":24},"end":{"line":30,"column":3}},"11":{"start":{"line":24,"column":4},"end":{"line":24,"column":29}},"12":{"start":{"line":25,"column":4},"end":{"line":29,"column":5}},"13":{"start":{"line":26,"column":6},"end":{"line":26,"column":37}},"14":{"start":{"line":28,"column":6},"end":{"line":28,"column":56}},"15":{"start":{"line":28,"column":40},"end":{"line":28,"column":53}},"16":{"start":{"line":32,"column":2},"end":{"line":44,"column":4}}},"fnMap":{"0":{"name":"(anonymous_0)","decl":{"start":{"line":9,"column":24},"end":{"line":9,"column":25}},"loc":{"start":{"line":9,"column":43},"end":{"line":45,"column":1}},"line":9},"1":{"name":"(anonymous_1)","decl":{"start":{"line":14,"column":12},"end":{"line":14,"column":13}},"loc":{"start":{"line":14,"column":18},"end":{"line":21,"column":3}},"line":14},"2":{"name":"(anonymous_2)","decl":{"start":{"line":16,"column":25},"end":{"line":16,"column":26}},"loc":{"start":{"line":16,"column":33},"end":{"line":16,"column":46}},"line":16},"3":{"name":"(anonymous_3)","decl":{"start":{"line":19,"column":19},"end":{"line":19,"column":20}},"loc":{"start":{"line":19,"column":26},"end":{"line":19,"column":38}},"line":19},"4":{"name":"(anonymous_4)","decl":{"start":{"line":23,"column":24},"end":{"line":23,"column":25}},"loc":{"start":{"line":23,"column":36},"end":{"line":30,"column":3}},"line":23},"5":{"name":"(anonymous_5)","decl":{"start":{"line":28,"column":32},"end":{"line":28,"column":33}},"loc":{"start":{"line":28,"column":40},"end":{"line":28,"column":53}},"line":28}},"branchMap":{"0":{"loc":{"start":{"line":15,"column":4},"end":{"line":17,"column":5}},"type":"if","locations":[{"start":{"line":15,"column":4},"end":{"line":17,"column":5}},{"start":{},"end":{}}],"line":15},"1":{"loc":{"start":{"line":16,"column":6},"end":{"line":16,"column":71}},"type":"binary-expr","locations":[{"start":{"line":16,"column":6},"end":{"line":16,"column":47}},{"start":{"line":16,"column":51},"end":{"line":16,"column":71}}],"line":16},"2":{"loc":{"start":{"line":18,"column":4},"end":{"line":20,"column":5}},"type":"if","locations":[{"start":{"line":18,"column":4},"end":{"line":20,"column":5}},{"start":{},"end":{}}],"line":18},"3":{"loc":{"start":{"line":19,"column":6},"end":{"line":19,"column":63}},"type":"binary-expr","locations":[{"start":{"line":19,"column":6},"end":{"line":19,"column":39}},{"start":{"line":19,"column":43},"end":{"line":19,"column":63}}],"line":19},"4":{"loc":{"start":{"line":25,"column":4},"end":{"line":29,"column":5}},"type":"if","locations":[{"start":{"line":25,"column":4},"end":{"line":29,"column":5}},{"start":{"line":27,"column":11},"end":{"line":29,"column":5}}],"line":25}},"s":{"0":2,"1":1,"2":1,"3":1,"4":1,"5":0,"6":0,"7":1,"8":0,"9":0,"10":1,"11":0,"12":0,"13":0,"14":0,"15":0,"16":1},"f":{"0":1,"1":1,"2":0,"3":0,"4":0,"5":0},"b":{"0":[0,1],"1":[0,0],"2":[0,1],"3":[0,0],"4":[0,0]},"_coverageSchema":"1a1c01bbd47fc00a2c39e90264f33305004495a9","hash":"68d04563fd0b14b80db4a6e53f1e29a43e57a192"}
,"/Users/srep2/Desktop/workspace/react-native/PokemonRN/src/components/CheckBoxWrapper/CheckBoxWrapper.style.jsx": {"path":"/Users/srep2/Desktop/workspace/react-native/PokemonRN/src/components/CheckBoxWrapper/CheckBoxWrapper.style.jsx","statementMap":{},"fnMap":{},"branchMap":{},"s":{},"f":{},"b":{},"_coverageSchema":"1a1c01bbd47fc00a2c39e90264f33305004495a9","hash":"7c28f6d6e47840794000fdecbe6ce4ed33642b80"}
,"/Users/srep2/Desktop/workspace/react-native/PokemonRN/src/components/DexAttributes/DexAttributes.jsx": {"path":"/Users/srep2/Desktop/workspace/react-native/PokemonRN/src/components/DexAttributes/DexAttributes.jsx","statementMap":{"0":{"start":{"line":13,"column":22},"end":{"line":40,"column":1}},"1":{"start":{"line":16,"column":6},"end":{"line":16,"column":32}},"2":{"start":{"line":18,"column":2},"end":{"line":39,"column":4}},"3":{"start":{"line":32,"column":60},"end":{"line":32,"column":74}}},"fnMap":{"0":{"name":"(anonymous_0)","decl":{"start":{"line":13,"column":22},"end":{"line":13,"column":23}},"loc":{"start":{"line":13,"column":28},"end":{"line":40,"column":1}},"line":13},"1":{"name":"(anonymous_1)","decl":{"start":{"line":32,"column":52},"end":{"line":32,"column":53}},"loc":{"start":{"line":32,"column":60},"end":{"line":32,"column":74}},"line":32}},"branchMap":{},"s":{"0":2,"1":2,"2":2,"3":0},"f":{"0":2,"1":0},"b":{},"_coverageSchema":"1a1c01bbd47fc00a2c39e90264f33305004495a9","hash":"a6eefc4cc579db6fc17b8ba486dcbd8ca2f2474f"}
,"/Users/srep2/Desktop/workspace/react-native/PokemonRN/src/components/DexAttributes/DexAttributes.style.jsx": {"path":"/Users/srep2/Desktop/workspace/react-native/PokemonRN/src/components/DexAttributes/DexAttributes.style.jsx","statementMap":{},"fnMap":{},"branchMap":{},"s":{},"f":{},"b":{},"_coverageSchema":"1a1c01bbd47fc00a2c39e90264f33305004495a9","hash":"9aeebfefe612f65b35e8876a588fef2b4765bf1a"}
,"/Users/srep2/Desktop/workspace/react-native/PokemonRN/src/components/DexBody/DexBody.jsx": {"path":"/Users/srep2/Desktop/workspace/react-native/PokemonRN/src/components/DexBody/DexBody.jsx","statementMap":{"0":{"start":{"line":8,"column":16},"end":{"line":37,"column":1}},"1":{"start":{"line":9,"column":2},"end":{"line":36,"column":4}},"2":{"start":{"line":25,"column":27},"end":{"line":25,"column":48}}},"fnMap":{"0":{"name":"(anonymous_0)","decl":{"start":{"line":8,"column":16},"end":{"line":8,"column":17}},"loc":{"start":{"line":8,"column":52},"end":{"line":37,"column":1}},"line":8},"1":{"name":"(anonymous_1)","decl":{"start":{"line":25,"column":21},"end":{"line":25,"column":22}},"loc":{"start":{"line":25,"column":27},"end":{"line":25,"column":48}},"line":25}},"branchMap":{},"s":{"0":1,"1":1,"2":0},"f":{"0":1,"1":0},"b":{},"_coverageSchema":"1a1c01bbd47fc00a2c39e90264f33305004495a9","hash":"899d63268efe569c133e7017c3deabe4a42febb1"}
,"/Users/srep2/Desktop/workspace/react-native/PokemonRN/src/components/DexBody/DexBody.style.jsx": {"path":"/Users/srep2/Desktop/workspace/react-native/PokemonRN/src/components/DexBody/DexBody.style.jsx","statementMap":{},"fnMap":{},"branchMap":{},"s":{},"f":{},"b":{},"_coverageSchema":"1a1c01bbd47fc00a2c39e90264f33305004495a9","hash":"2f1300fa7692bce16fd2b4bb4bfb324c1a774771"}
,"/Users/srep2/Desktop/workspace/react-native/PokemonRN/src/components/DexTile/DexTile.jsx": {"path":"/Users/srep2/Desktop/workspace/react-native/PokemonRN/src/components/DexTile/DexTile.jsx","statementMap":{"0":{"start":{"line":7,"column":16},"end":{"line":18,"column":1}},"1":{"start":{"line":8,"column":2},"end":{"line":17,"column":4}}},"fnMap":{"0":{"name":"(anonymous_0)","decl":{"start":{"line":7,"column":16},"end":{"line":7,"column":17}},"loc":{"start":{"line":7,"column":40},"end":{"line":18,"column":1}},"line":7}},"branchMap":{"0":{"loc":{"start":{"line":11,"column":7},"end":{"line":15,"column":7}},"type":"cond-expr","locations":[{"start":{"line":12,"column":8},"end":{"line":12,"column":49}},{"start":{"line":14,"column":8},"end":{"line":14,"column":41}}],"line":11}},"s":{"0":3,"1":15},"f":{"0":15},"b":{"0":[11,4]},"_coverageSchema":"1a1c01bbd47fc00a2c39e90264f33305004495a9","hash":"895e324a6127a4b324f74765b4d902691f753626"}
,"/Users/srep2/Desktop/workspace/react-native/PokemonRN/src/components/DexTile/DexTile.style.jsx": {"path":"/Users/srep2/Desktop/workspace/react-native/PokemonRN/src/components/DexTile/DexTile.style.jsx","statementMap":{},"fnMap":{},"branchMap":{},"s":{},"f":{},"b":{},"_coverageSchema":"1a1c01bbd47fc00a2c39e90264f33305004495a9","hash":"739c431f86b7fa06e9f62d31fa59c37ff3d98bb1"}
,"/Users/srep2/Desktop/workspace/react-native/PokemonRN/src/components/DexTitle/DexTitle.jsx": {"path":"/Users/srep2/Desktop/workspace/react-native/PokemonRN/src/components/DexTitle/DexTitle.jsx","statementMap":{"0":{"start":{"line":8,"column":17},"end":{"line":24,"column":1}},"1":{"start":{"line":9,"column":2},"end":{"line":23,"column":4}},"2":{"start":{"line":19,"column":23},"end":{"line":19,"column":66}}},"fnMap":{"0":{"name":"(anonymous_0)","decl":{"start":{"line":8,"column":17},"end":{"line":8,"column":18}},"loc":{"start":{"line":8,"column":45},"end":{"line":24,"column":1}},"line":8},"1":{"name":"(anonymous_1)","decl":{"start":{"line":19,"column":17},"end":{"line":19,"column":18}},"loc":{"start":{"line":19,"column":23},"end":{"line":19,"column":66}},"line":19}},"branchMap":{},"s":{"0":1,"1":1,"2":0},"f":{"0":1,"1":0},"b":{},"_coverageSchema":"1a1c01bbd47fc00a2c39e90264f33305004495a9","hash":"72a51c6454786c8d702ac0005221ee54b37cfb4f"}
,"/Users/srep2/Desktop/workspace/react-native/PokemonRN/src/components/DexTitle/DexTitle.style.jsx": {"path":"/Users/srep2/Desktop/workspace/react-native/PokemonRN/src/components/DexTitle/DexTitle.style.jsx","statementMap":{},"fnMap":{},"branchMap":{},"s":{},"f":{},"b":{},"_coverageSchema":"1a1c01bbd47fc00a2c39e90264f33305004495a9","hash":"33cd7187d4afb08f065c0849f47d2956b41e6381"}
,"/Users/srep2/Desktop/workspace/react-native/PokemonRN/src/components/FilterModal/FilterModal.jsx": {"path":"/Users/srep2/Desktop/workspace/react-native/PokemonRN/src/components/FilterModal/FilterModal.jsx","statementMap":{"0":{"start":{"line":13,"column":20},"end":{"line":98,"column":1}},"1":{"start":{"line":21,"column":6},"end":{"line":21,"column":30}},"2":{"start":{"line":27,"column":18},"end":{"line":32,"column":3}},"3":{"start":{"line":28,"column":4},"end":{"line":28,"column":25}},"4":{"start":{"line":29,"column":4},"end":{"line":29,"column":19}},"5":{"start":{"line":30,"column":4},"end":{"line":30,"column":19}},"6":{"start":{"line":31,"column":4},"end":{"line":31,"column":27}},"7":{"start":{"line":34,"column":18},"end":{"line":46,"column":3}},"8":{"start":{"line":36,"column":27},"end":{"line":40,"column":6}},"9":{"start":{"line":41,"column":24},"end":{"line":41,"column":47}},"10":{"start":{"line":43,"column":4},"end":{"line":43,"column":42}},"11":{"start":{"line":44,"column":4},"end":{"line":44,"column":33}},"12":{"start":{"line":45,"column":4},"end":{"line":45,"column":27}},"13":{"start":{"line":48,"column":18},"end":{"line":51,"column":3}},"14":{"start":{"line":49,"column":4},"end":{"line":49,"column":47}},"15":{"start":{"line":50,"column":4},"end":{"line":50,"column":27}},"16":{"start":{"line":53,"column":2},"end":{"line":97,"column":4}}},"fnMap":{"0":{"name":"(anonymous_0)","decl":{"start":{"line":13,"column":20},"end":{"line":13,"column":21}},"loc":{"start":{"line":13,"column":57},"end":{"line":98,"column":1}},"line":13},"1":{"name":"(anonymous_1)","decl":{"start":{"line":27,"column":18},"end":{"line":27,"column":19}},"loc":{"start":{"line":27,"column":24},"end":{"line":32,"column":3}},"line":27},"2":{"name":"(anonymous_2)","decl":{"start":{"line":34,"column":18},"end":{"line":34,"column":19}},"loc":{"start":{"line":34,"column":24},"end":{"line":46,"column":3}},"line":34},"3":{"name":"(anonymous_3)","decl":{"start":{"line":48,"column":18},"end":{"line":48,"column":19}},"loc":{"start":{"line":48,"column":24},"end":{"line":51,"column":3}},"line":48}},"branchMap":{},"s":{"0":1,"1":1,"2":1,"3":0,"4":0,"5":0,"6":0,"7":1,"8":0,"9":0,"10":0,"11":0,"12":0,"13":1,"14":0,"15":0,"16":1},"f":{"0":1,"1":0,"2":0,"3":0},"b":{},"_coverageSchema":"1a1c01bbd47fc00a2c39e90264f33305004495a9","hash":"a546392aa35a4d873e32e9c4aa219301eccb2cc3"}
,"/Users/srep2/Desktop/workspace/react-native/PokemonRN/src/components/FilterModal/FilterModal.style.jsx": {"path":"/Users/srep2/Desktop/workspace/react-native/PokemonRN/src/components/FilterModal/FilterModal.style.jsx","statementMap":{},"fnMap":{},"branchMap":{},"s":{},"f":{},"b":{},"_coverageSchema":"1a1c01bbd47fc00a2c39e90264f33305004495a9","hash":"6f2c40acb6d305f21af2ca5ab55c31afa8eaa6ae"}
,"/Users/srep2/Desktop/workspace/react-native/PokemonRN/src/components/Highlighter/HighLighter.jsx": {"path":"/Users/srep2/Desktop/workspace/react-native/PokemonRN/src/components/Highlighter/HighLighter.jsx","statementMap":{"0":{"start":{"line":8,"column":20},"end":{"line":23,"column":1}},"1":{"start":{"line":9,"column":2},"end":{"line":22,"column":4}},"2":{"start":{"line":12,"column":8},"end":{"line":19,"column":15}}},"fnMap":{"0":{"name":"(anonymous_0)","decl":{"start":{"line":8,"column":20},"end":{"line":8,"column":21}},"loc":{"start":{"line":8,"column":37},"end":{"line":23,"column":1}},"line":8},"1":{"name":"(anonymous_1)","decl":{"start":{"line":11,"column":22},"end":{"line":11,"column":23}},"loc":{"start":{"line":12,"column":8},"end":{"line":19,"column":15}},"line":12}},"branchMap":{},"s":{"0":4,"1":5,"2":2},"f":{"0":5,"1":2},"b":{},"_coverageSchema":"1a1c01bbd47fc00a2c39e90264f33305004495a9","hash":"0aaee3b09d651451205b8fce5797a1770a13d378"}
,"/Users/srep2/Desktop/workspace/react-native/PokemonRN/src/components/Highlighter/Highlighter.style.jsx": {"path":"/Users/srep2/Desktop/workspace/react-native/PokemonRN/src/components/Highlighter/Highlighter.style.jsx","statementMap":{},"fnMap":{},"branchMap":{},"s":{},"f":{},"b":{},"_coverageSchema":"1a1c01bbd47fc00a2c39e90264f33305004495a9","hash":"1f136f3de23ecb34831a0f9f07030fda633410ad"}
,"/Users/srep2/Desktop/workspace/react-native/PokemonRN/src/components/ImgPreview/ImgPreivew.style.jsx": {"path":"/Users/srep2/Desktop/workspace/react-native/PokemonRN/src/components/ImgPreview/ImgPreivew.style.jsx","statementMap":{},"fnMap":{},"branchMap":{},"s":{},"f":{},"b":{},"_coverageSchema":"1a1c01bbd47fc00a2c39e90264f33305004495a9","hash":"3123c3b32deddd6a2ab300ef8aa5e9c1108356e0"}
,"/Users/srep2/Desktop/workspace/react-native/PokemonRN/src/components/ImgPreview/ImgPreview.jsx": {"path":"/Users/srep2/Desktop/workspace/react-native/PokemonRN/src/components/ImgPreview/ImgPreview.jsx","statementMap":{"0":{"start":{"line":9,"column":19},"end":{"line":25,"column":1}},"1":{"start":{"line":10,"column":20},"end":{"line":10,"column":46}},"2":{"start":{"line":12,"column":2},"end":{"line":24,"column":4}}},"fnMap":{"0":{"name":"(anonymous_0)","decl":{"start":{"line":9,"column":19},"end":{"line":9,"column":20}},"loc":{"start":{"line":9,"column":25},"end":{"line":25,"column":1}},"line":9}},"branchMap":{},"s":{"0":2,"1":2,"2":2},"f":{"0":2},"b":{},"_coverageSchema":"1a1c01bbd47fc00a2c39e90264f33305004495a9","hash":"f9251284fd8000384a3a8d82a89a8970d67b36d7"}
,"/Users/srep2/Desktop/workspace/react-native/PokemonRN/src/components/InputField/InputField.jsx": {"path":"/Users/srep2/Desktop/workspace/react-native/PokemonRN/src/components/InputField/InputField.jsx","statementMap":{"0":{"start":{"line":6,"column":19},"end":{"line":33,"column":1}},"1":{"start":{"line":7,"column":28},"end":{"line":7,"column":40}},"2":{"start":{"line":9,"column":2},"end":{"line":11,"column":14}},"3":{"start":{"line":10,"column":4},"end":{"line":10,"column":39}},"4":{"start":{"line":13,"column":23},"end":{"line":15,"column":3}},"5":{"start":{"line":14,"column":4},"end":{"line":14,"column":19}},"6":{"start":{"line":17,"column":2},"end":{"line":32,"column":4}},"7":{"start":{"line":28,"column":54},"end":{"line":28,"column":75}}},"fnMap":{"0":{"name":"(anonymous_0)","decl":{"start":{"line":6,"column":19},"end":{"line":6,"column":20}},"loc":{"start":{"line":6,"column":57},"end":{"line":33,"column":1}},"line":6},"1":{"name":"(anonymous_1)","decl":{"start":{"line":9,"column":12},"end":{"line":9,"column":13}},"loc":{"start":{"line":9,"column":18},"end":{"line":11,"column":3}},"line":9},"2":{"name":"(anonymous_2)","decl":{"start":{"line":13,"column":23},"end":{"line":13,"column":24}},"loc":{"start":{"line":13,"column":31},"end":{"line":15,"column":3}},"line":13},"3":{"name":"(anonymous_3)","decl":{"start":{"line":28,"column":48},"end":{"line":28,"column":49}},"loc":{"start":{"line":28,"column":54},"end":{"line":28,"column":75}},"line":28}},"branchMap":{},"s":{"0":1,"1":3,"2":3,"3":3,"4":3,"5":1,"6":3,"7":0},"f":{"0":3,"1":3,"2":1,"3":0},"b":{},"_coverageSchema":"1a1c01bbd47fc00a2c39e90264f33305004495a9","hash":"884651ffa31d782b213db48612516ed9682094b1"}
,"/Users/srep2/Desktop/workspace/react-native/PokemonRN/src/components/InputField/InputField.style.jsx": {"path":"/Users/srep2/Desktop/workspace/react-native/PokemonRN/src/components/InputField/InputField.style.jsx","statementMap":{"0":{"start":{"line":4,"column":15},"end":{"line":29,"column":2}}},"fnMap":{},"branchMap":{},"s":{"0":1},"f":{},"b":{},"_coverageSchema":"1a1c01bbd47fc00a2c39e90264f33305004495a9","hash":"493b9fb408c0ed2f02c21638ea37009d21c0bdf6"}
,"/Users/srep2/Desktop/workspace/react-native/PokemonRN/src/components/PokeThumbnail/PokeThumbnail.jsx": {"path":"/Users/srep2/Desktop/workspace/react-native/PokemonRN/src/components/PokeThumbnail/PokeThumbnail.jsx","statementMap":{"0":{"start":{"line":13,"column":22},"end":{"line":42,"column":1}},"1":{"start":{"line":14,"column":23},"end":{"line":14,"column":49}},"2":{"start":{"line":16,"column":22},"end":{"line":19,"column":3}},"3":{"start":{"line":17,"column":4},"end":{"line":17,"column":24}},"4":{"start":{"line":18,"column":4},"end":{"line":18,"column":70}},"5":{"start":{"line":21,"column":2},"end":{"line":41,"column":4}}},"fnMap":{"0":{"name":"(anonymous_0)","decl":{"start":{"line":13,"column":22},"end":{"line":13,"column":23}},"loc":{"start":{"line":13,"column":49},"end":{"line":42,"column":1}},"line":13},"1":{"name":"(anonymous_1)","decl":{"start":{"line":16,"column":22},"end":{"line":16,"column":23}},"loc":{"start":{"line":16,"column":28},"end":{"line":19,"column":3}},"line":16}},"branchMap":{},"s":{"0":1,"1":1,"2":1,"3":0,"4":0,"5":1},"f":{"0":1,"1":0},"b":{},"_coverageSchema":"1a1c01bbd47fc00a2c39e90264f33305004495a9","hash":"a947782908cde907a02c98d18e6b0ddeadd282a4"}
,"/Users/srep2/Desktop/workspace/react-native/PokemonRN/src/components/PokeThumbnail/PokeThumbnail.style.js": {"path":"/Users/srep2/Desktop/workspace/react-native/PokemonRN/src/components/PokeThumbnail/PokeThumbnail.style.js","statementMap":{},"fnMap":{},"branchMap":{},"s":{},"f":{},"b":{},"_coverageSchema":"1a1c01bbd47fc00a2c39e90264f33305004495a9","hash":"196cd3aa419c54d1c75ac367d5d43eb17ab1a3c2"}
,"/Users/srep2/Desktop/workspace/react-native/PokemonRN/src/components/Progress/Progress.jsx": {"path":"/Users/srep2/Desktop/workspace/react-native/PokemonRN/src/components/Progress/Progress.jsx","statementMap":{"0":{"start":{"line":6,"column":17},"end":{"line":13,"column":1}},"1":{"start":{"line":7,"column":2},"end":{"line":12,"column":4}}},"fnMap":{"0":{"name":"(anonymous_0)","decl":{"start":{"line":6,"column":17},"end":{"line":6,"column":18}},"loc":{"start":{"line":6,"column":30},"end":{"line":13,"column":1}},"line":6}},"branchMap":{},"s":{"0":2,"1":2},"f":{"0":2},"b":{},"_coverageSchema":"1a1c01bbd47fc00a2c39e90264f33305004495a9","hash":"801fb903b68606b7f15796c79e06367424b5c6c6"}
,"/Users/srep2/Desktop/workspace/react-native/PokemonRN/src/components/Progress/Progress.style.jsx": {"path":"/Users/srep2/Desktop/workspace/react-native/PokemonRN/src/components/Progress/Progress.style.jsx","statementMap":{},"fnMap":{},"branchMap":{},"s":{},"f":{},"b":{},"_coverageSchema":"1a1c01bbd47fc00a2c39e90264f33305004495a9","hash":"e651daf977f89bedd5021284c9bca508a5eca3f6"}
,"/Users/srep2/Desktop/workspace/react-native/PokemonRN/src/components/StatsBar/StatsBar.jsx": {"path":"/Users/srep2/Desktop/workspace/react-native/PokemonRN/src/components/StatsBar/StatsBar.jsx","statementMap":{"0":{"start":{"line":7,"column":17},"end":{"line":16,"column":1}},"1":{"start":{"line":8,"column":2},"end":{"line":15,"column":4}}},"fnMap":{"0":{"name":"(anonymous_0)","decl":{"start":{"line":7,"column":17},"end":{"line":7,"column":18}},"loc":{"start":{"line":7,"column":36},"end":{"line":16,"column":1}},"line":7}},"branchMap":{},"s":{"0":1,"1":1},"f":{"0":1},"b":{},"_coverageSchema":"1a1c01bbd47fc00a2c39e90264f33305004495a9","hash":"8e3460b346e2cb4557d220838dd8127cefb9fef1"}
,"/Users/srep2/Desktop/workspace/react-native/PokemonRN/src/components/StatsBar/StatsBar.style.jsx": {"path":"/Users/srep2/Desktop/workspace/react-native/PokemonRN/src/components/StatsBar/StatsBar.style.jsx","statementMap":{},"fnMap":{},"branchMap":{},"s":{},"f":{},"b":{},"_coverageSchema":"1a1c01bbd47fc00a2c39e90264f33305004495a9","hash":"31161e590aab6f26f4a43eba5c6e78b7389e96df"}
,"/Users/srep2/Desktop/workspace/react-native/PokemonRN/src/context/PokemonContext.jsx": {"path":"/Users/srep2/Desktop/workspace/react-native/PokemonRN/src/context/PokemonContext.jsx","statementMap":{"0":{"start":{"line":3,"column":30},"end":{"line":14,"column":2}},"1":{"start":{"line":16,"column":31},"end":{"line":33,"column":1}},"2":{"start":{"line":17,"column":32},"end":{"line":26,"column":4}},"3":{"start":{"line":28,"column":2},"end":{"line":32,"column":4}}},"fnMap":{"0":{"name":"(anonymous_0)","decl":{"start":{"line":13,"column":14},"end":{"line":13,"column":15}},"loc":{"start":{"line":13,"column":20},"end":{"line":13,"column":22}},"line":13},"1":{"name":"(anonymous_1)","decl":{"start":{"line":16,"column":31},"end":{"line":16,"column":32}},"loc":{"start":{"line":16,"column":47},"end":{"line":33,"column":1}},"line":16}},"branchMap":{},"s":{"0":4,"1":4,"2":3,"3":3},"f":{"0":0,"1":3},"b":{},"_coverageSchema":"1a1c01bbd47fc00a2c39e90264f33305004495a9","hash":"aa3f222494a1240c14178d65842f68036c0ce689"}
,"/Users/srep2/Desktop/workspace/react-native/PokemonRN/src/context/TypesContext.jsx": {"path":"/Users/srep2/Desktop/workspace/react-native/PokemonRN/src/context/TypesContext.jsx","statementMap":{"0":{"start":{"line":3,"column":28},"end":{"line":10,"column":2}},"1":{"start":{"line":12,"column":29},"end":{"line":30,"column":1}},"2":{"start":{"line":13,"column":44},"end":{"line":13,"column":56}},"3":{"start":{"line":14,"column":32},"end":{"line":14,"column":44}},"4":{"start":{"line":15,"column":32},"end":{"line":15,"column":44}},"5":{"start":{"line":17,"column":2},"end":{"line":29,"column":4}}},"fnMap":{"0":{"name":"(anonymous_0)","decl":{"start":{"line":5,"column":12},"end":{"line":5,"column":13}},"loc":{"start":{"line":5,"column":18},"end":{"line":5,"column":20}},"line":5},"1":{"name":"(anonymous_1)","decl":{"start":{"line":7,"column":14},"end":{"line":7,"column":15}},"loc":{"start":{"line":7,"column":20},"end":{"line":7,"column":22}},"line":7},"2":{"name":"(anonymous_2)","decl":{"start":{"line":9,"column":14},"end":{"line":9,"column":15}},"loc":{"start":{"line":9,"column":20},"end":{"line":9,"column":22}},"line":9},"3":{"name":"(anonymous_3)","decl":{"start":{"line":12,"column":29},"end":{"line":12,"column":30}},"loc":{"start":{"line":12,"column":45},"end":{"line":30,"column":1}},"line":12}},"branchMap":{},"s":{"0":2,"1":2,"2":2,"3":2,"4":2,"5":2},"f":{"0":0,"1":0,"2":0,"3":2},"b":{},"_coverageSchema":"1a1c01bbd47fc00a2c39e90264f33305004495a9","hash":"25820406cff1b2bfc0914eb858e88d6f1015735d"}
,"/Users/srep2/Desktop/workspace/react-native/PokemonRN/src/redux/features/pokeDetailsSlice.js": {"path":"/Users/srep2/Desktop/workspace/react-native/PokemonRN/src/redux/features/pokeDetailsSlice.js","statementMap":{"0":{"start":{"line":6,"column":28},"end":{"line":11,"column":1}},"1":{"start":{"line":13,"column":28},"end":{"line":23,"column":1}},"2":{"start":{"line":14,"column":18},"end":{"line":19,"column":3}},"3":{"start":{"line":16,"column":21},"end":{"line":16,"column":41}},"4":{"start":{"line":17,"column":6},"end":{"line":17,"column":18}},"5":{"start":{"line":20,"column":2},"end":{"line":20,"column":55}},"6":{"start":{"line":22,"column":2},"end":{"line":22,"column":17}},"7":{"start":{"line":25,"column":35},"end":{"line":28,"column":1}},"8":{"start":{"line":30,"column":28},"end":{"line":44,"column":1}},"9":{"start":{"line":31,"column":15},"end":{"line":31,"column":54}},"10":{"start":{"line":32,"column":22},"end":{"line":41,"column":3}},"11":{"start":{"line":34,"column":21},"end":{"line":34,"column":43}},"12":{"start":{"line":35,"column":6},"end":{"line":39,"column":8}},"13":{"start":{"line":37,"column":15},"end":{"line":37,"column":37}},"14":{"start":{"line":43,"column":2},"end":{"line":43,"column":67}},"15":{"start":{"line":46,"column":35},"end":{"line":49,"column":1}},"16":{"start":{"line":51,"column":25},"end":{"line":83,"column":2}},"17":{"start":{"line":56,"column":4},"end":{"line":58,"column":7}},"18":{"start":{"line":57,"column":6},"end":{"line":57,"column":27}},"19":{"start":{"line":59,"column":4},"end":{"line":63,"column":7}},"20":{"start":{"line":60,"column":6},"end":{"line":60,"column":28}},"21":{"start":{"line":61,"column":6},"end":{"line":61,"column":34}},"22":{"start":{"line":62,"column":6},"end":{"line":62,"column":25}},"23":{"start":{"line":64,"column":4},"end":{"line":67,"column":7}},"24":{"start":{"line":65,"column":6},"end":{"line":65,"column":28}},"25":{"start":{"line":66,"column":6},"end":{"line":66,"column":41}},"26":{"start":{"line":70,"column":4},"end":{"line":72,"column":7}},"27":{"start":{"line":71,"column":6},"end":{"line":71,"column":27}},"28":{"start":{"line":73,"column":4},"end":{"line":77,"column":7}},"29":{"start":{"line":74,"column":6},"end":{"line":74,"column":28}},"30":{"start":{"line":75,"column":6},"end":{"line":75,"column":40}},"31":{"start":{"line":76,"column":6},"end":{"line":76,"column":25}},"32":{"start":{"line":78,"column":4},"end":{"line":81,"column":7}},"33":{"start":{"line":79,"column":6},"end":{"line":79,"column":28}},"34":{"start":{"line":80,"column":6},"end":{"line":80,"column":41}}},"fnMap":{"0":{"name":"(anonymous_0)","decl":{"start":{"line":13,"column":28},"end":{"line":13,"column":29}},"loc":{"start":{"line":13,"column":54},"end":{"line":23,"column":1}},"line":13},"1":{"name":"(anonymous_1)","decl":{"start":{"line":15,"column":13},"end":{"line":15,"column":14}},"loc":{"start":{"line":15,"column":26},"end":{"line":18,"column":5}},"line":15},"2":{"name":"(anonymous_2)","decl":{"start":{"line":30,"column":28},"end":{"line":30,"column":29}},"loc":{"start":{"line":30,"column":51},"end":{"line":44,"column":1}},"line":30},"3":{"name":"(anonymous_3)","decl":{"start":{"line":33,"column":13},"end":{"line":33,"column":14}},"loc":{"start":{"line":33,"column":26},"end":{"line":40,"column":5}},"line":33},"4":{"name":"(anonymous_4)","decl":{"start":{"line":37,"column":10},"end":{"line":37,"column":11}},"loc":{"start":{"line":37,"column":15},"end":{"line":37,"column":37}},"line":37},"5":{"name":"(anonymous_5)","decl":{"start":{"line":54,"column":17},"end":{"line":54,"column":18}},"loc":{"start":{"line":54,"column":28},"end":{"line":82,"column":3}},"line":54},"6":{"name":"(anonymous_6)","decl":{"start":{"line":56,"column":49},"end":{"line":56,"column":50}},"loc":{"start":{"line":56,"column":58},"end":{"line":58,"column":5}},"line":56},"7":{"name":"(anonymous_7)","decl":{"start":{"line":59,"column":51},"end":{"line":59,"column":52}},"loc":{"start":{"line":59,"column":70},"end":{"line":63,"column":5}},"line":59},"8":{"name":"(anonymous_8)","decl":{"start":{"line":64,"column":50},"end":{"line":64,"column":51}},"loc":{"start":{"line":64,"column":69},"end":{"line":67,"column":5}},"line":64},"9":{"name":"(anonymous_9)","decl":{"start":{"line":70,"column":49},"end":{"line":70,"column":50}},"loc":{"start":{"line":70,"column":68},"end":{"line":72,"column":5}},"line":70},"10":{"name":"(anonymous_10)","decl":{"start":{"line":73,"column":51},"end":{"line":73,"column":52}},"loc":{"start":{"line":73,"column":70},"end":{"line":77,"column":5}},"line":73},"11":{"name":"(anonymous_11)","decl":{"start":{"line":78,"column":50},"end":{"line":78,"column":51}},"loc":{"start":{"line":78,"column":69},"end":{"line":81,"column":5}},"line":78}},"branchMap":{"0":{"loc":{"start":{"line":20,"column":2},"end":{"line":20,"column":54}},"type":"binary-expr","locations":[{"start":{"line":20,"column":2},"end":{"line":20,"column":10}},{"start":{"line":20,"column":14},"end":{"line":20,"column":54}}],"line":20}},"s":{"0":2,"1":2,"2":1,"3":2,"4":2,"5":1,"6":1,"7":2,"8":2,"9":1,"10":1,"11":3,"12":3,"13":1813,"14":1,"15":2,"16":2,"17":1,"18":1,"19":1,"20":1,"21":1,"22":1,"23":1,"24":1,"25":1,"26":1,"27":1,"28":1,"29":1,"30":1,"31":1,"32":1,"33":1,"34":1},"f":{"0":1,"1":2,"2":1,"3":3,"4":1813,"5":1,"6":1,"7":1,"8":1,"9":1,"10":1,"11":1},"b":{"0":[1,0]},"_coverageSchema":"1a1c01bbd47fc00a2c39e90264f33305004495a9","hash":"cc0dc17c744130f41aecd79ca6643dd39b44ea08"}
,"/Users/srep2/Desktop/workspace/react-native/PokemonRN/src/redux/features/pokeIdsSlice.js": {"path":"/Users/srep2/Desktop/workspace/react-native/PokemonRN/src/redux/features/pokeIdsSlice.js","statementMap":{"0":{"start":{"line":6,"column":28},"end":{"line":10,"column":1}},"1":{"start":{"line":12,"column":24},"end":{"line":17,"column":1}},"2":{"start":{"line":13,"column":17},"end":{"line":13,"column":55}},"3":{"start":{"line":14,"column":15},"end":{"line":14,"column":49}},"4":{"start":{"line":14,"column":40},"end":{"line":14,"column":48}},"5":{"start":{"line":15,"column":2},"end":{"line":15,"column":59}},"6":{"start":{"line":16,"column":2},"end":{"line":16,"column":22}},"7":{"start":{"line":19,"column":31},"end":{"line":19,"column":77}},"8":{"start":{"line":21,"column":21},"end":{"line":38,"column":2}},"9":{"start":{"line":25,"column":4},"end":{"line":27,"column":7}},"10":{"start":{"line":26,"column":6},"end":{"line":26,"column":27}},"11":{"start":{"line":28,"column":4},"end":{"line":32,"column":7}},"12":{"start":{"line":29,"column":6},"end":{"line":29,"column":28}},"13":{"start":{"line":30,"column":6},"end":{"line":30,"column":34}},"14":{"start":{"line":31,"column":6},"end":{"line":31,"column":25}},"15":{"start":{"line":33,"column":4},"end":{"line":36,"column":7}},"16":{"start":{"line":34,"column":6},"end":{"line":34,"column":28}},"17":{"start":{"line":35,"column":6},"end":{"line":35,"column":41}}},"fnMap":{"0":{"name":"(anonymous_0)","decl":{"start":{"line":12,"column":24},"end":{"line":12,"column":25}},"loc":{"start":{"line":12,"column":47},"end":{"line":17,"column":1}},"line":12},"1":{"name":"(anonymous_1)","decl":{"start":{"line":14,"column":32},"end":{"line":14,"column":33}},"loc":{"start":{"line":14,"column":40},"end":{"line":14,"column":48}},"line":14},"2":{"name":"(anonymous_2)","decl":{"start":{"line":24,"column":17},"end":{"line":24,"column":18}},"loc":{"start":{"line":24,"column":28},"end":{"line":37,"column":3}},"line":24},"3":{"name":"(anonymous_3)","decl":{"start":{"line":25,"column":45},"end":{"line":25,"column":46}},"loc":{"start":{"line":25,"column":54},"end":{"line":27,"column":5}},"line":25},"4":{"name":"(anonymous_4)","decl":{"start":{"line":28,"column":47},"end":{"line":28,"column":48}},"loc":{"start":{"line":28,"column":66},"end":{"line":32,"column":5}},"line":28},"5":{"name":"(anonymous_5)","decl":{"start":{"line":33,"column":46},"end":{"line":33,"column":47}},"loc":{"start":{"line":33,"column":65},"end":{"line":36,"column":5}},"line":33}},"branchMap":{"0":{"loc":{"start":{"line":15,"column":2},"end":{"line":15,"column":58}},"type":"binary-expr","locations":[{"start":{"line":15,"column":2},"end":{"line":15,"column":10}},{"start":{"line":15,"column":14},"end":{"line":15,"column":58}}],"line":15}},"s":{"0":1,"1":1,"2":1,"3":1,"4":15,"5":1,"6":1,"7":1,"8":1,"9":1,"10":1,"11":1,"12":1,"13":1,"14":1,"15":1,"16":1,"17":1},"f":{"0":1,"1":15,"2":1,"3":1,"4":1,"5":1},"b":{"0":[1,0]},"_coverageSchema":"1a1c01bbd47fc00a2c39e90264f33305004495a9","hash":"4e7ddd10a17bb7fbf8607cb842aa6b9e665a8c0a"}
,"/Users/srep2/Desktop/workspace/react-native/PokemonRN/src/utils/colors.js": {"path":"/Users/srep2/Desktop/workspace/react-native/PokemonRN/src/utils/colors.js","statementMap":{},"fnMap":{},"branchMap":{},"s":{},"f":{},"b":{},"_coverageSchema":"1a1c01bbd47fc00a2c39e90264f33305004495a9","hash":"5f77fd4782b1c865b67dfef21d2f66938e395dbf"}
,"/Users/srep2/Desktop/workspace/react-native/PokemonRN/src/utils/helplerFunctions.js": {"path":"/Users/srep2/Desktop/workspace/react-native/PokemonRN/src/utils/helplerFunctions.js","statementMap":{"0":{"start":{"line":3,"column":31},"end":{"line":8,"column":1}},"1":{"start":{"line":4,"column":2},"end":{"line":6,"column":3}},"2":{"start":{"line":5,"column":4},"end":{"line":5,"column":25}},"3":{"start":{"line":7,"column":2},"end":{"line":7,"column":32}},"4":{"start":{"line":10,"column":26},"end":{"line":12,"column":1}},"5":{"start":{"line":11,"column":2},"end":{"line":11,"column":54}},"6":{"start":{"line":14,"column":30},"end":{"line":16,"column":1}},"7":{"start":{"line":15,"column":2},"end":{"line":15,"column":56}},"8":{"start":{"line":15,"column":29},"end":{"line":15,"column":44}},"9":{"start":{"line":18,"column":27},"end":{"line":29,"column":1}},"10":{"start":{"line":21,"column":2},"end":{"line":26,"column":3}},"11":{"start":{"line":22,"column":4},"end":{"line":22,"column":65}},"12":{"start":{"line":22,"column":41},"end":{"line":22,"column":63}},"13":{"start":{"line":23,"column":4},"end":{"line":23,"column":31}},"14":{"start":{"line":25,"column":4},"end":{"line":25,"column":65}},"15":{"start":{"line":25,"column":41},"end":{"line":25,"column":63}},"16":{"start":{"line":28,"column":2},"end":{"line":28,"column":18}},"17":{"start":{"line":33,"column":28},"end":{"line":34,"column":52}},"18":{"start":{"line":34,"column":2},"end":{"line":34,"column":52}},"19":{"start":{"line":34,"column":30},"end":{"line":34,"column":51}},"20":{"start":{"line":38,"column":30},"end":{"line":66,"column":1}},"21":{"start":{"line":39,"column":26},"end":{"line":49,"column":3}},"22":{"start":{"line":50,"column":16},"end":{"line":53,"column":3}},"23":{"start":{"line":54,"column":28},"end":{"line":58,"column":3}},"24":{"start":{"line":56,"column":6},"end":{"line":57,"column":49}},"25":{"start":{"line":60,"column":26},"end":{"line":63,"column":38}},"26":{"start":{"line":61,"column":17},"end":{"line":61,"column":33}},"27":{"start":{"line":63,"column":29},"end":{"line":63,"column":37}},"28":{"start":{"line":65,"column":2},"end":{"line":65,"column":25}},"29":{"start":{"line":70,"column":29},"end":{"line":76,"column":1}},"30":{"start":{"line":71,"column":21},"end":{"line":73,"column":3}},"31":{"start":{"line":72,"column":12},"end":{"line":72,"column":21}},"32":{"start":{"line":75,"column":2},"end":{"line":75,"column":20}},"33":{"start":{"line":82,"column":26},"end":{"line":99,"column":1}},"34":{"start":{"line":83,"column":17},"end":{"line":87,"column":3}},"35":{"start":{"line":85,"column":14},"end":{"line":85,"column":48}},"36":{"start":{"line":89,"column":19},"end":{"line":93,"column":3}},"37":{"start":{"line":91,"column":14},"end":{"line":91,"column":48}},"38":{"start":{"line":95,"column":2},"end":{"line":98,"column":4}},"39":{"start":{"line":102,"column":28},"end":{"line":102,"column":67}},"40":{"start":{"line":102,"column":34},"end":{"line":102,"column":67}},"41":{"start":{"line":102,"column":49},"end":{"line":102,"column":66}},"42":{"start":{"line":105,"column":25},"end":{"line":107,"column":1}},"43":{"start":{"line":106,"column":2},"end":{"line":106,"column":77}},"44":{"start":{"line":110,"column":31},"end":{"line":115,"column":1}},"45":{"start":{"line":111,"column":2},"end":{"line":114,"column":17}},"46":{"start":{"line":112,"column":21},"end":{"line":112,"column":45}},"47":{"start":{"line":113,"column":18},"end":{"line":113,"column":27}},"48":{"start":{"line":118,"column":33},"end":{"line":120,"column":1}},"49":{"start":{"line":119,"column":2},"end":{"line":119,"column":80}},"50":{"start":{"line":119,"column":35},"end":{"line":119,"column":67}},"51":{"start":{"line":123,"column":30},"end":{"line":127,"column":1}},"52":{"start":{"line":124,"column":2},"end":{"line":126,"column":6}},"53":{"start":{"line":124,"column":36},"end":{"line":126,"column":3}},"54":{"start":{"line":129,"column":29},"end":{"line":144,"column":1}},"55":{"start":{"line":130,"column":19},"end":{"line":133,"column":4}},"56":{"start":{"line":131,"column":26},"end":{"line":131,"column":61}},"57":{"start":{"line":131,"column":49},"end":{"line":131,"column":60}},"58":{"start":{"line":132,"column":4},"end":{"line":132,"column":39}},"59":{"start":{"line":135,"column":18},"end":{"line":141,"column":4}},"60":{"start":{"line":136,"column":4},"end":{"line":140,"column":5}},"61":{"start":{"line":136,"column":17},"end":{"line":136,"column":18}},"62":{"start":{"line":137,"column":6},"end":{"line":139,"column":7}},"63":{"start":{"line":138,"column":8},"end":{"line":138,"column":20}},"64":{"start":{"line":143,"column":2},"end":{"line":143,"column":17}},"65":{"start":{"line":146,"column":31},"end":{"line":158,"column":1}},"66":{"start":{"line":147,"column":15},"end":{"line":155,"column":4}},"67":{"start":{"line":148,"column":4},"end":{"line":154,"column":5}},"68":{"start":{"line":148,"column":17},"end":{"line":148,"column":18}},"69":{"start":{"line":151,"column":6},"end":{"line":153,"column":7}},"70":{"start":{"line":152,"column":8},"end":{"line":152,"column":20}},"71":{"start":{"line":157,"column":2},"end":{"line":157,"column":14}},"72":{"start":{"line":160,"column":36},"end":{"line":164,"column":1}},"73":{"start":{"line":161,"column":2},"end":{"line":163,"column":5}},"74":{"start":{"line":162,"column":4},"end":{"line":162,"column":41}},"75":{"start":{"line":166,"column":30},"end":{"line":170,"column":1}},"76":{"start":{"line":167,"column":2},"end":{"line":169,"column":5}},"77":{"start":{"line":168,"column":4},"end":{"line":168,"column":59}}},"fnMap":{"0":{"name":"(anonymous_0)","decl":{"start":{"line":3,"column":31},"end":{"line":3,"column":32}},"loc":{"start":{"line":3,"column":37},"end":{"line":8,"column":1}},"line":3},"1":{"name":"(anonymous_1)","decl":{"start":{"line":10,"column":26},"end":{"line":10,"column":27}},"loc":{"start":{"line":10,"column":34},"end":{"line":12,"column":1}},"line":10},"2":{"name":"(anonymous_2)","decl":{"start":{"line":14,"column":30},"end":{"line":14,"column":31}},"loc":{"start":{"line":14,"column":43},"end":{"line":16,"column":1}},"line":14},"3":{"name":"(anonymous_3)","decl":{"start":{"line":15,"column":23},"end":{"line":15,"column":24}},"loc":{"start":{"line":15,"column":29},"end":{"line":15,"column":44}},"line":15},"4":{"name":"(anonymous_4)","decl":{"start":{"line":18,"column":27},"end":{"line":18,"column":28}},"loc":{"start":{"line":18,"column":38},"end":{"line":29,"column":1}},"line":18},"5":{"name":"(anonymous_5)","decl":{"start":{"line":22,"column":33},"end":{"line":22,"column":34}},"loc":{"start":{"line":22,"column":41},"end":{"line":22,"column":63}},"line":22},"6":{"name":"(anonymous_6)","decl":{"start":{"line":25,"column":33},"end":{"line":25,"column":34}},"loc":{"start":{"line":25,"column":41},"end":{"line":25,"column":63}},"line":25},"7":{"name":"(anonymous_7)","decl":{"start":{"line":33,"column":28},"end":{"line":33,"column":29}},"loc":{"start":{"line":34,"column":2},"end":{"line":34,"column":52}},"line":34},"8":{"name":"(anonymous_8)","decl":{"start":{"line":34,"column":22},"end":{"line":34,"column":23}},"loc":{"start":{"line":34,"column":30},"end":{"line":34,"column":51}},"line":34},"9":{"name":"(anonymous_9)","decl":{"start":{"line":38,"column":30},"end":{"line":38,"column":31}},"loc":{"start":{"line":38,"column":41},"end":{"line":66,"column":1}},"line":38},"10":{"name":"(anonymous_10)","decl":{"start":{"line":55,"column":4},"end":{"line":55,"column":5}},"loc":{"start":{"line":56,"column":6},"end":{"line":57,"column":49}},"line":56},"11":{"name":"(anonymous_11)","decl":{"start":{"line":61,"column":9},"end":{"line":61,"column":10}},"loc":{"start":{"line":61,"column":17},"end":{"line":61,"column":33}},"line":61},"12":{"name":"(anonymous_12)","decl":{"start":{"line":63,"column":24},"end":{"line":63,"column":25}},"loc":{"start":{"line":63,"column":29},"end":{"line":63,"column":37}},"line":63},"13":{"name":"(anonymous_13)","decl":{"start":{"line":70,"column":29},"end":{"line":70,"column":30}},"loc":{"start":{"line":70,"column":37},"end":{"line":76,"column":1}},"line":70},"14":{"name":"(anonymous_14)","decl":{"start":{"line":72,"column":4},"end":{"line":72,"column":5}},"loc":{"start":{"line":72,"column":12},"end":{"line":72,"column":21}},"line":72},"15":{"name":"(anonymous_15)","decl":{"start":{"line":82,"column":26},"end":{"line":82,"column":27}},"loc":{"start":{"line":82,"column":47},"end":{"line":99,"column":1}},"line":82},"16":{"name":"(anonymous_16)","decl":{"start":{"line":85,"column":6},"end":{"line":85,"column":7}},"loc":{"start":{"line":85,"column":14},"end":{"line":85,"column":48}},"line":85},"17":{"name":"(anonymous_17)","decl":{"start":{"line":91,"column":6},"end":{"line":91,"column":7}},"loc":{"start":{"line":91,"column":14},"end":{"line":91,"column":48}},"line":91},"18":{"name":"(anonymous_18)","decl":{"start":{"line":102,"column":28},"end":{"line":102,"column":29}},"loc":{"start":{"line":102,"column":34},"end":{"line":102,"column":67}},"line":102},"19":{"name":"(anonymous_19)","decl":{"start":{"line":102,"column":41},"end":{"line":102,"column":42}},"loc":{"start":{"line":102,"column":49},"end":{"line":102,"column":66}},"line":102},"20":{"name":"(anonymous_20)","decl":{"start":{"line":105,"column":25},"end":{"line":105,"column":26}},"loc":{"start":{"line":105,"column":35},"end":{"line":107,"column":1}},"line":105},"21":{"name":"(anonymous_21)","decl":{"start":{"line":110,"column":31},"end":{"line":110,"column":32}},"loc":{"start":{"line":110,"column":42},"end":{"line":115,"column":1}},"line":110},"22":{"name":"(anonymous_22)","decl":{"start":{"line":112,"column":13},"end":{"line":112,"column":14}},"loc":{"start":{"line":112,"column":21},"end":{"line":112,"column":45}},"line":112},"23":{"name":"(anonymous_23)","decl":{"start":{"line":113,"column":10},"end":{"line":113,"column":11}},"loc":{"start":{"line":113,"column":18},"end":{"line":113,"column":27}},"line":113},"24":{"name":"(anonymous_24)","decl":{"start":{"line":118,"column":33},"end":{"line":118,"column":34}},"loc":{"start":{"line":118,"column":46},"end":{"line":120,"column":1}},"line":118},"25":{"name":"(anonymous_25)","decl":{"start":{"line":119,"column":24},"end":{"line":119,"column":25}},"loc":{"start":{"line":119,"column":35},"end":{"line":119,"column":67}},"line":119},"26":{"name":"(anonymous_26)","decl":{"start":{"line":123,"column":30},"end":{"line":123,"column":31}},"loc":{"start":{"line":123,"column":41},"end":{"line":127,"column":1}},"line":123},"27":{"name":"(anonymous_27)","decl":{"start":{"line":124,"column":27},"end":{"line":124,"column":28}},"loc":{"start":{"line":124,"column":36},"end":{"line":126,"column":3}},"line":124},"28":{"name":"(anonymous_28)","decl":{"start":{"line":129,"column":29},"end":{"line":129,"column":30}},"loc":{"start":{"line":129,"column":54},"end":{"line":144,"column":1}},"line":129},"29":{"name":"(anonymous_29)","decl":{"start":{"line":130,"column":28},"end":{"line":130,"column":29}},"loc":{"start":{"line":130,"column":39},"end":{"line":133,"column":3}},"line":130},"30":{"name":"(anonymous_30)","decl":{"start":{"line":131,"column":44},"end":{"line":131,"column":45}},"loc":{"start":{"line":131,"column":49},"end":{"line":131,"column":60}},"line":131},"31":{"name":"(anonymous_31)","decl":{"start":{"line":135,"column":34},"end":{"line":135,"column":35}},"loc":{"start":{"line":135,"column":45},"end":{"line":141,"column":3}},"line":135},"32":{"name":"(anonymous_32)","decl":{"start":{"line":146,"column":31},"end":{"line":146,"column":32}},"loc":{"start":{"line":146,"column":66},"end":{"line":158,"column":1}},"line":146},"33":{"name":"(anonymous_33)","decl":{"start":{"line":147,"column":31},"end":{"line":147,"column":32}},"loc":{"start":{"line":147,"column":39},"end":{"line":155,"column":3}},"line":147},"34":{"name":"(anonymous_34)","decl":{"start":{"line":160,"column":36},"end":{"line":160,"column":37}},"loc":{"start":{"line":160,"column":60},"end":{"line":164,"column":1}},"line":160},"35":{"name":"(anonymous_35)","decl":{"start":{"line":161,"column":20},"end":{"line":161,"column":21}},"loc":{"start":{"line":161,"column":28},"end":{"line":163,"column":3}},"line":161},"36":{"name":"(anonymous_36)","decl":{"start":{"line":166,"column":30},"end":{"line":166,"column":31}},"loc":{"start":{"line":166,"column":37},"end":{"line":170,"column":1}},"line":166},"37":{"name":"(anonymous_37)","decl":{"start":{"line":167,"column":20},"end":{"line":167,"column":21}},"loc":{"start":{"line":167,"column":28},"end":{"line":169,"column":3}},"line":167}},"branchMap":{"0":{"loc":{"start":{"line":4,"column":2},"end":{"line":6,"column":3}},"type":"if","locations":[{"start":{"line":4,"column":2},"end":{"line":6,"column":3}},{"start":{},"end":{}}],"line":4},"1":{"loc":{"start":{"line":21,"column":2},"end":{"line":26,"column":3}},"type":"if","locations":[{"start":{"line":21,"column":2},"end":{"line":26,"column":3}},{"start":{"line":24,"column":9},"end":{"line":26,"column":3}}],"line":21},"2":{"loc":{"start":{"line":56,"column":6},"end":{"line":57,"column":49}},"type":"binary-expr","locations":[{"start":{"line":56,"column":6},"end":{"line":56,"column":33}},{"start":{"line":57,"column":6},"end":{"line":57,"column":49}}],"line":56},"3":{"loc":{"start":{"line":112,"column":21},"end":{"line":112,"column":45}},"type":"binary-expr","locations":[{"start":{"line":112,"column":21},"end":{"line":112,"column":32}},{"start":{"line":112,"column":36},"end":{"line":112,"column":45}}],"line":112},"4":{"loc":{"start":{"line":137,"column":6},"end":{"line":139,"column":7}},"type":"if","locations":[{"start":{"line":137,"column":6},"end":{"line":139,"column":7}},{"start":{},"end":{}}],"line":137},"5":{"loc":{"start":{"line":151,"column":6},"end":{"line":153,"column":7}},"type":"if","locations":[{"start":{"line":151,"column":6},"end":{"line":153,"column":7}},{"start":{},"end":{}}],"line":151}},"s":{"0":10,"1":3,"2":0,"3":3,"4":10,"5":4,"6":10,"7":0,"8":0,"9":10,"10":4,"11":3,"12":0,"13":3,"14":1,"15":2,"16":4,"17":10,"18":0,"19":0,"20":10,"21":0,"22":0,"23":0,"24":0,"25":0,"26":0,"27":0,"28":0,"29":10,"30":0,"31":0,"32":0,"33":10,"34":0,"35":0,"36":0,"37":0,"38":0,"39":10,"40":1,"41":2,"42":10,"43":2,"44":10,"45":2,"46":0,"47":0,"48":10,"49":2,"50":0,"51":10,"52":0,"53":0,"54":10,"55":0,"56":0,"57":0,"58":0,"59":0,"60":0,"61":0,"62":0,"63":0,"64":0,"65":10,"66":0,"67":0,"68":0,"69":0,"70":0,"71":0,"72":10,"73":1,"74":5,"75":10,"76":0,"77":0},"f":{"0":3,"1":4,"2":0,"3":0,"4":4,"5":0,"6":2,"7":0,"8":0,"9":0,"10":0,"11":0,"12":0,"13":0,"14":0,"15":0,"16":0,"17":0,"18":1,"19":2,"20":2,"21":2,"22":0,"23":0,"24":2,"25":0,"26":0,"27":0,"28":0,"29":0,"30":0,"31":0,"32":0,"33":0,"34":1,"35":5,"36":0,"37":0},"b":{"0":[0,3],"1":[3,1],"2":[0,0],"3":[0,0],"4":[0,0],"5":[0,0]},"_coverageSchema":"1a1c01bbd47fc00a2c39e90264f33305004495a9","hash":"baef2b5b11572615b73b2832fc80e73f6f2735ba"}
}
