TN:
SF:src/api/pokeapi.js
FNF:0
FNH:0
LF:0
LH:0
BRF:0
BRH:0
end_of_record
TN:
SF:src/components/AccordionItem/AccordionItem.jsx
FN:6,(anonymous_0)
FN:16,(anonymous_1)
FNF:2
FNH:1
FNDA:1,(anonymous_0)
FNDA:0,(anonymous_1)
DA:6,2
DA:7,1
DA:9,1
DA:16,0
LF:4
LH:3
BRDA:20,0,0,1
BRDA:20,0,1,0
BRF:2
BRH:1
end_of_record
TN:
SF:src/components/AccordionItem/AccordionItem.style.jsx
FNF:0
FNH:0
LF:0
LH:0
BRF:0
BRH:0
end_of_record
TN:
SF:src/components/CheckBoxContainer/CheckBoxContainer.jsx
FN:8,(anonymous_0)
FN:11,(anonymous_1)
FN:12,(anonymous_2)
FN:16,(anonymous_3)
FN:20,(anonymous_4)
FN:33,(anonymous_5)
FNF:6
FNH:0
FNDA:0,(anonymous_0)
FNDA:0,(anonymous_1)
FNDA:0,(anonymous_2)
FNDA:0,(anonymous_3)
FNDA:0,(anonymous_4)
FNDA:0,(anonymous_5)
DA:8,1
DA:9,0
DA:11,0
DA:12,0
DA:14,0
DA:15,0
DA:16,0
DA:18,0
DA:19,0
DA:20,0
DA:22,0
DA:24,0
DA:27,0
DA:28,0
DA:31,0
DA:34,0
LF:16
LH:1
BRDA:14,0,0,0
BRDA:14,0,1,0
BRDA:18,1,0,0
BRDA:18,1,1,0
BRDA:27,2,0,0
BRDA:27,2,1,0
BRF:6
BRH:0
end_of_record
TN:
SF:src/components/CheckBoxContainer/CheckBoxContainer.style.jsx
FNF:0
FNH:0
LF:0
LH:0
BRF:0
BRH:0
end_of_record
TN:
SF:src/components/CheckBoxWrapper/CheckBoxWrapper.jsx
FN:9,(anonymous_0)
FN:14,(anonymous_1)
FN:16,(anonymous_2)
FN:19,(anonymous_3)
FN:23,(anonymous_4)
FN:28,(anonymous_5)
FNF:6
FNH:2
FNDA:1,(anonymous_0)
FNDA:1,(anonymous_1)
FNDA:0,(anonymous_2)
FNDA:0,(anonymous_3)
FNDA:0,(anonymous_4)
FNDA:0,(anonymous_5)
DA:9,2
DA:10,1
DA:12,1
DA:14,1
DA:15,1
DA:16,0
DA:18,1
DA:19,0
DA:23,1
DA:24,0
DA:25,0
DA:26,0
DA:28,0
DA:32,1
LF:14
LH:8
BRDA:15,0,0,0
BRDA:15,0,1,1
BRDA:16,1,0,0
BRDA:16,1,1,0
BRDA:18,2,0,0
BRDA:18,2,1,1
BRDA:19,3,0,0
BRDA:19,3,1,0
BRDA:25,4,0,0
BRDA:25,4,1,0
BRF:10
BRH:2
end_of_record
TN:
SF:src/components/CheckBoxWrapper/CheckBoxWrapper.style.jsx
FNF:0
FNH:0
LF:0
LH:0
BRF:0
BRH:0
end_of_record
TN:
SF:src/components/DexAttributes/DexAttributes.jsx
FN:13,(anonymous_0)
FN:32,(anonymous_1)
FNF:2
FNH:1
FNDA:2,(anonymous_0)
FNDA:0,(anonymous_1)
DA:13,2
DA:16,2
DA:18,2
DA:32,0
LF:4
LH:3
BRF:0
BRH:0
end_of_record
TN:
SF:src/components/DexAttributes/DexAttributes.style.jsx
FNF:0
FNH:0
LF:0
LH:0
BRF:0
BRH:0
end_of_record
TN:
SF:src/components/DexBody/DexBody.jsx
FN:8,(anonymous_0)
FN:25,(anonymous_1)
FNF:2
FNH:1
FNDA:1,(anonymous_0)
FNDA:0,(anonymous_1)
DA:8,1
DA:9,1
DA:25,0
LF:3
LH:2
BRF:0
BRH:0
end_of_record
TN:
SF:src/components/DexBody/DexBody.style.jsx
FNF:0
FNH:0
LF:0
LH:0
BRF:0
BRH:0
end_of_record
TN:
SF:src/components/DexTile/DexTile.jsx
FN:7,(anonymous_0)
FNF:1
FNH:1
FNDA:15,(anonymous_0)
DA:7,3
DA:8,15
LF:2
LH:2
BRDA:11,0,0,11
BRDA:11,0,1,4
BRF:2
BRH:2
end_of_record
TN:
SF:src/components/DexTile/DexTile.style.jsx
FNF:0
FNH:0
LF:0
LH:0
BRF:0
BRH:0
end_of_record
TN:
SF:src/components/DexTitle/DexTitle.jsx
FN:8,(anonymous_0)
FN:19,(anonymous_1)
FNF:2
FNH:1
FNDA:1,(anonymous_0)
FNDA:0,(anonymous_1)
DA:8,1
DA:9,1
DA:19,0
LF:3
LH:2
BRF:0
BRH:0
end_of_record
TN:
SF:src/components/DexTitle/DexTitle.style.jsx
FNF:0
FNH:0
LF:0
LH:0
BRF:0
BRH:0
end_of_record
TN:
SF:src/components/FilterModal/FilterModal.jsx
FN:13,(anonymous_0)
FN:27,(anonymous_1)
FN:34,(anonymous_2)
FN:48,(anonymous_3)
FNF:4
FNH:1
FNDA:1,(anonymous_0)
FNDA:0,(anonymous_1)
FNDA:0,(anonymous_2)
FNDA:0,(anonymous_3)
DA:13,1
DA:21,1
DA:27,1
DA:28,0
DA:29,0
DA:30,0
DA:31,0
DA:34,1
DA:36,0
DA:41,0
DA:43,0
DA:44,0
DA:45,0
DA:48,1
DA:49,0
DA:50,0
DA:53,1
LF:17
LH:6
BRF:0
BRH:0
end_of_record
TN:
SF:src/components/FilterModal/FilterModal.style.jsx
FNF:0
FNH:0
LF:0
LH:0
BRF:0
BRH:0
end_of_record
TN:
SF:src/components/Highlighter/HighLighter.jsx
FN:8,(anonymous_0)
FN:11,(anonymous_1)
FNF:2
FNH:2
FNDA:5,(anonymous_0)
FNDA:2,(anonymous_1)
DA:8,4
DA:9,5
DA:12,2
LF:3
LH:3
BRF:0
BRH:0
end_of_record
TN:
SF:src/components/Highlighter/Highlighter.style.jsx
FNF:0
FNH:0
LF:0
LH:0
BRF:0
BRH:0
end_of_record
TN:
SF:src/components/ImgPreview/ImgPreivew.style.jsx
FNF:0
FNH:0
LF:0
LH:0
BRF:0
BRH:0
end_of_record
TN:
SF:src/components/ImgPreview/ImgPreview.jsx
FN:9,(anonymous_0)
FNF:1
FNH:1
FNDA:2,(anonymous_0)
DA:9,2
DA:10,2
DA:12,2
LF:3
LH:3
BRF:0
BRH:0
end_of_record
TN:
SF:src/components/InputField/InputField.jsx
FN:6,(anonymous_0)
FN:9,(anonymous_1)
FN:13,(anonymous_2)
FN:28,(anonymous_3)
FNF:4
FNH:3
FNDA:3,(anonymous_0)
FNDA:3,(anonymous_1)
FNDA:1,(anonymous_2)
FNDA:0,(anonymous_3)
DA:6,1
DA:7,3
DA:9,3
DA:10,3
DA:13,3
DA:14,1
DA:17,3
DA:28,0
LF:8
LH:7
BRF:0
BRH:0
end_of_record
TN:
SF:src/components/InputField/InputField.style.jsx
FNF:0
FNH:0
DA:4,1
LF:1
LH:1
BRF:0
BRH:0
end_of_record
TN:
SF:src/components/PokeThumbnail/PokeThumbnail.jsx
FN:13,(anonymous_0)
FN:16,(anonymous_1)
FNF:2
FNH:1
FNDA:1,(anonymous_0)
FNDA:0,(anonymous_1)
DA:13,2
DA:14,1
DA:16,1
DA:17,0
DA:18,0
DA:21,1
LF:6
LH:4
BRF:0
BRH:0
end_of_record
TN:
SF:src/components/PokeThumbnail/PokeThumbnail.style.js
FNF:0
FNH:0
LF:0
LH:0
BRF:0
BRH:0
end_of_record
TN:
SF:src/components/PokemonCards/PokemonCards.jsx
FN:15,(anonymous_0)
FN:17,(anonymous_1)
FN:23,(anonymous_2)
FN:26,(anonymous_3)
FN:31,(anonymous_4)
FN:35,(anonymous_5)
FN:54,(anonymous_6)
FN:70,(anonymous_7)
FNF:8
FNH:1
FNDA:1,(anonymous_0)
FNDA:0,(anonymous_1)
FNDA:0,(anonymous_2)
FNDA:0,(anonymous_3)
FNDA:0,(anonymous_4)
FNDA:0,(anonymous_5)
FNDA:0,(anonymous_6)
FNDA:0,(anonymous_7)
DA:15,1
DA:16,1
DA:17,1
DA:18,0
DA:19,0
DA:23,0
DA:24,0
DA:25,0
DA:26,0
DA:27,0
DA:31,0
DA:32,0
DA:35,0
DA:36,0
DA:39,0
DA:40,0
DA:43,0
DA:44,0
DA:51,0
DA:52,0
DA:54,0
DA:55,0
DA:62,0
DA:65,0
DA:70,0
LF:25
LH:3
BRDA:39,0,0,0
BRDA:39,0,1,0
BRDA:43,1,0,0
BRDA:43,1,1,0
BRDA:51,2,0,0
BRDA:51,2,1,0
BRDA:56,3,0,0
BRDA:56,3,1,0
BRF:8
BRH:0
end_of_record
TN:
SF:src/components/PokemonCards/PokemonCards.style.js
FNF:0
FNH:0
LF:0
LH:0
BRF:0
BRH:0
end_of_record
TN:
SF:src/components/Progress/Progress.jsx
FN:6,(anonymous_0)
FNF:1
FNH:1
FNDA:2,(anonymous_0)
DA:6,2
DA:7,2
LF:2
LH:2
BRF:0
BRH:0
end_of_record
TN:
SF:src/components/Progress/Progress.style.jsx
FNF:0
FNH:0
LF:0
LH:0
BRF:0
BRH:0
end_of_record
TN:
SF:src/components/StatsBar/StatsBar.jsx
FN:7,(anonymous_0)
FNF:1
FNH:1
FNDA:1,(anonymous_0)
DA:7,1
DA:8,1
LF:2
LH:2
BRF:0
BRH:0
end_of_record
TN:
SF:src/components/StatsBar/StatsBar.style.jsx
FNF:0
FNH:0
LF:0
LH:0
BRF:0
BRH:0
end_of_record
TN:
SF:src/context/PokemonContext.jsx
FN:13,(anonymous_0)
FN:16,(anonymous_1)
FNF:2
FNH:1
FNDA:0,(anonymous_0)
FNDA:4,(anonymous_1)
DA:3,5
DA:16,5
DA:17,4
DA:28,4
LF:4
LH:4
BRF:0
BRH:0
end_of_record
TN:
SF:src/context/TypesContext.jsx
FN:5,(anonymous_0)
FN:7,(anonymous_1)
FN:9,(anonymous_2)
FN:12,(anonymous_3)
FNF:4
FNH:1
FNDA:0,(anonymous_0)
FNDA:0,(anonymous_1)
FNDA:0,(anonymous_2)
FNDA:2,(anonymous_3)
DA:3,3
DA:12,3
DA:13,2
DA:14,2
DA:15,2
DA:17,2
LF:6
LH:6
BRF:0
BRH:0
end_of_record
TN:
SF:src/redux/features/pokeDetailsSlice.js
FN:13,(anonymous_0)
FN:15,(anonymous_1)
FN:30,(anonymous_2)
FN:33,(anonymous_3)
FN:37,(anonymous_4)
FN:54,(anonymous_5)
FN:56,(anonymous_6)
FN:59,(anonymous_7)
FN:64,(anonymous_8)
FN:70,(anonymous_9)
FN:73,(anonymous_10)
FN:78,(anonymous_11)
FNF:12
FNH:12
FNDA:1,(anonymous_0)
FNDA:2,(anonymous_1)
FNDA:1,(anonymous_2)
FNDA:3,(anonymous_3)
FNDA:1813,(anonymous_4)
FNDA:1,(anonymous_5)
FNDA:1,(anonymous_6)
FNDA:1,(anonymous_7)
FNDA:1,(anonymous_8)
FNDA:1,(anonymous_9)
FNDA:1,(anonymous_10)
FNDA:1,(anonymous_11)
DA:6,3
DA:13,3
DA:14,1
DA:16,2
DA:17,2
DA:20,1
DA:22,1
DA:25,3
DA:30,3
DA:31,1
DA:32,1
DA:34,3
DA:35,3
DA:37,1813
DA:43,1
DA:46,3
DA:51,3
DA:56,1
DA:57,1
DA:59,1
DA:60,1
DA:61,1
DA:62,1
DA:64,1
DA:65,1
DA:66,1
DA:70,1
DA:71,1
DA:73,1
DA:74,1
DA:75,1
DA:76,1
DA:78,1
DA:79,1
DA:80,1
LF:35
LH:35
BRDA:20,0,0,1
BRDA:20,0,1,0
BRF:2
BRH:1
end_of_record
TN:
SF:src/redux/features/pokeIdsSlice.js
FN:12,(anonymous_0)
FN:14,(anonymous_1)
FN:24,(anonymous_2)
FN:25,(anonymous_3)
FN:28,(anonymous_4)
FN:33,(anonymous_5)
FNF:6
FNH:6
FNDA:1,(anonymous_0)
FNDA:15,(anonymous_1)
FNDA:1,(anonymous_2)
FNDA:1,(anonymous_3)
FNDA:1,(anonymous_4)
FNDA:1,(anonymous_5)
DA:6,2
DA:12,2
DA:13,1
DA:14,15
DA:15,1
DA:16,1
DA:19,2
DA:21,2
DA:25,1
DA:26,1
DA:28,1
DA:29,1
DA:30,1
DA:31,1
DA:33,1
DA:34,1
DA:35,1
LF:17
LH:17
BRDA:15,0,0,1
BRDA:15,0,1,0
BRF:2
BRH:1
end_of_record
TN:
SF:src/utils/colors.js
FNF:0
FNH:0
LF:0
LH:0
BRF:0
BRH:0
end_of_record
TN:
SF:src/utils/helplerFunctions.js
FN:3,(anonymous_0)
FN:10,(anonymous_1)
FN:14,(anonymous_2)
FN:15,(anonymous_3)
FN:18,(anonymous_4)
FN:22,(anonymous_5)
FN:25,(anonymous_6)
FN:33,(anonymous_7)
FN:34,(anonymous_8)
FN:38,(anonymous_9)
FN:55,(anonymous_10)
FN:61,(anonymous_11)
FN:63,(anonymous_12)
FN:70,(anonymous_13)
FN:72,(anonymous_14)
FN:82,(anonymous_15)
FN:85,(anonymous_16)
FN:91,(anonymous_17)
FN:102,(anonymous_18)
FN:102,(anonymous_19)
FN:105,(anonymous_20)
FN:110,(anonymous_21)
FN:112,(anonymous_22)
FN:113,(anonymous_23)
FN:118,(anonymous_24)
FN:119,(anonymous_25)
FN:123,(anonymous_26)
FN:124,(anonymous_27)
FN:129,(anonymous_28)
FN:130,(anonymous_29)
FN:131,(anonymous_30)
FN:135,(anonymous_31)
FN:146,(anonymous_32)
FN:147,(anonymous_33)
FN:160,(anonymous_34)
FN:161,(anonymous_35)
FN:166,(anonymous_36)
FN:167,(anonymous_37)
FNF:38
FNH:11
FNDA:3,(anonymous_0)
FNDA:4,(anonymous_1)
FNDA:0,(anonymous_2)
FNDA:0,(anonymous_3)
FNDA:4,(anonymous_4)
FNDA:0,(anonymous_5)
FNDA:2,(anonymous_6)
FNDA:0,(anonymous_7)
FNDA:0,(anonymous_8)
FNDA:0,(anonymous_9)
FNDA:0,(anonymous_10)
FNDA:0,(anonymous_11)
FNDA:0,(anonymous_12)
FNDA:0,(anonymous_13)
FNDA:0,(anonymous_14)
FNDA:0,(anonymous_15)
FNDA:0,(anonymous_16)
FNDA:0,(anonymous_17)
FNDA:1,(anonymous_18)
FNDA:2,(anonymous_19)
FNDA:2,(anonymous_20)
FNDA:2,(anonymous_21)
FNDA:0,(anonymous_22)
FNDA:0,(anonymous_23)
FNDA:2,(anonymous_24)
FNDA:0,(anonymous_25)
FNDA:0,(anonymous_26)
FNDA:0,(anonymous_27)
FNDA:0,(anonymous_28)
FNDA:0,(anonymous_29)
FNDA:0,(anonymous_30)
FNDA:0,(anonymous_31)
FNDA:0,(anonymous_32)
FNDA:0,(anonymous_33)
FNDA:1,(anonymous_34)
FNDA:5,(anonymous_35)
FNDA:0,(anonymous_36)
FNDA:0,(anonymous_37)
DA:3,11
DA:4,3
DA:5,0
DA:7,3
DA:10,11
DA:11,4
DA:14,11
DA:15,0
DA:18,11
DA:21,4
DA:22,3
DA:23,3
DA:25,2
DA:28,4
DA:33,11
DA:34,0
DA:38,11
DA:39,0
DA:50,0
DA:54,0
DA:56,0
DA:60,0
DA:61,0
DA:63,0
DA:65,0
DA:70,11
DA:71,0
DA:72,0
DA:75,0
DA:82,11
DA:83,0
DA:85,0
DA:89,0
DA:91,0
DA:95,0
DA:102,11
DA:105,11
DA:106,2
DA:110,11
DA:111,2
DA:112,0
DA:113,0
DA:118,11
DA:119,2
DA:123,11
DA:124,0
DA:129,11
DA:130,0
DA:131,0
DA:132,0
DA:135,0
DA:136,0
DA:137,0
DA:138,0
DA:143,0
DA:146,11
DA:147,0
DA:148,0
DA:151,0
DA:152,0
DA:157,0
DA:160,11
DA:161,1
DA:162,5
DA:166,11
DA:167,0
DA:168,0
LF:67
LH:30
BRDA:4,0,0,0
BRDA:4,0,1,3
BRDA:21,1,0,3
BRDA:21,1,1,1
BRDA:56,2,0,0
BRDA:56,2,1,0
BRDA:112,3,0,0
BRDA:112,3,1,0
BRDA:137,4,0,0
BRDA:137,4,1,0
BRDA:151,5,0,0
BRDA:151,5,1,0
BRF:12
BRH:3
end_of_record
